{"numTotalTestSuites":20,"numPassedTestSuites":20,"numFailedTestSuites":0,"numPendingTestSuites":0,"numTotalTests":54,"numPassedTests":54,"numFailedTests":0,"numPendingTests":0,"numTodoTests":0,"snapshot":{"added":0,"failure":false,"filesAdded":0,"filesRemoved":0,"filesRemovedList":[],"filesUnmatched":0,"filesUpdated":0,"matched":0,"total":0,"unchecked":0,"uncheckedKeysByFile":[],"unmatched":0,"updated":0,"didUpdate":false},"startTime":1755171355821,"success":true,"testResults":[{"assertionResults":[{"ancestorTitles":["Lead Scoring Algorithm","Company Revenue Scoring"],"fullName":"Lead Scoring Algorithm Company Revenue Scoring should score companies in target revenue range (500K-1.5M) as highest value","status":"passed","title":"should score companies in target revenue range (500K-1.5M) as highest value","duration":2.6841960000001563,"failureMessages":[],"location":{"line":174,"column":5},"meta":{}},{"ancestorTitles":["Lead Scoring Algorithm","Company Revenue Scoring"],"fullName":"Lead Scoring Algorithm Company Revenue Scoring should score small companies as low value","status":"passed","title":"should score small companies as low value","duration":0.5295740000001388,"failureMessages":[],"location":{"line":180,"column":5},"meta":{}},{"ancestorTitles":["Lead Scoring Algorithm","Company Revenue Scoring"],"fullName":"Lead Scoring Algorithm Company Revenue Scoring should score growing companies below target as moderate value","status":"passed","title":"should score growing companies below target as moderate value","duration":0.5142579999996997,"failureMessages":[],"location":{"line":185,"column":5},"meta":{}},{"ancestorTitles":["Lead Scoring Algorithm","Company Revenue Scoring"],"fullName":"Lead Scoring Algorithm Company Revenue Scoring should score large companies above target as workable but lower","status":"passed","title":"should score large companies above target as workable but lower","duration":0.42034700000021985,"failureMessages":[],"location":{"line":190,"column":5},"meta":{}},{"ancestorTitles":["Lead Scoring Algorithm","Company Revenue Scoring"],"fullName":"Lead Scoring Algorithm Company Revenue Scoring should score enterprise companies as different service needed","status":"passed","title":"should score enterprise companies as different service needed","duration":0.2858080000000882,"failureMessages":[],"location":{"line":195,"column":5},"meta":{}},{"ancestorTitles":["Lead Scoring Algorithm","Urgency Scoring"],"fullName":"Lead Scoring Algorithm Urgency Scoring should score immediate needs as highest priority","status":"passed","title":"should score immediate needs as highest priority","duration":0.40333400000008623,"failureMessages":[],"location":{"line":201,"column":5},"meta":{}},{"ancestorTitles":["Lead Scoring Algorithm","Urgency Scoring"],"fullName":"Lead Scoring Algorithm Urgency Scoring should score quarterly timelines appropriately","status":"passed","title":"should score quarterly timelines appropriately","duration":0.4158069999998588,"failureMessages":[],"location":{"line":205,"column":5},"meta":{}},{"ancestorTitles":["Lead Scoring Algorithm","Urgency Scoring"],"fullName":"Lead Scoring Algorithm Urgency Scoring should score longer timelines as lower priority","status":"passed","title":"should score longer timelines as lower priority","duration":0.2914909999999509,"failureMessages":[],"location":{"line":210,"column":5},"meta":{}},{"ancestorTitles":["Lead Scoring Algorithm","Urgency Scoring"],"fullName":"Lead Scoring Algorithm Urgency Scoring should handle unknown urgency levels","status":"passed","title":"should handle unknown urgency levels","duration":0.25886499999978696,"failureMessages":[],"location":{"line":216,"column":5},"meta":{}},{"ancestorTitles":["Lead Scoring Algorithm","Budget Scoring"],"fullName":"Lead Scoring Algorithm Budget Scoring should score high budget-to-revenue ratios as excellent","status":"passed","title":"should score high budget-to-revenue ratios as excellent","duration":0.33104499999990367,"failureMessages":[],"location":{"line":223,"column":5},"meta":{}},{"ancestorTitles":["Lead Scoring Algorithm","Budget Scoring"],"fullName":"Lead Scoring Algorithm Budget Scoring should score moderate budget ratios appropriately","status":"passed","title":"should score moderate budget ratios appropriately","duration":0.3694620000001123,"failureMessages":[],"location":{"line":228,"column":5},"meta":{}},{"ancestorTitles":["Lead Scoring Algorithm","Budget Scoring"],"fullName":"Lead Scoring Algorithm Budget Scoring should score low budget ratios as concerning","status":"passed","title":"should score low budget ratios as concerning","duration":0.2078910000000178,"failureMessages":[],"location":{"line":234,"column":5},"meta":{}},{"ancestorTitles":["Lead Scoring Algorithm","Budget Scoring"],"fullName":"Lead Scoring Algorithm Budget Scoring should handle edge cases properly","status":"passed","title":"should handle edge cases properly","duration":0.23515899999983958,"failureMessages":[],"location":{"line":238,"column":5},"meta":{}},{"ancestorTitles":["Lead Scoring Algorithm","Pain Points Scoring"],"fullName":"Lead Scoring Algorithm Pain Points Scoring should score high-value pain points highly","status":"passed","title":"should score high-value pain points highly","duration":0.558074999999917,"failureMessages":[],"location":{"line":245,"column":5},"meta":{}},{"ancestorTitles":["Lead Scoring Algorithm","Pain Points Scoring"],"fullName":"Lead Scoring Algorithm Pain Points Scoring should score moderate pain points moderately","status":"passed","title":"should score moderate pain points moderately","duration":0.2679979999998068,"failureMessages":[],"location":{"line":250,"column":5},"meta":{}},{"ancestorTitles":["Lead Scoring Algorithm","Pain Points Scoring"],"fullName":"Lead Scoring Algorithm Pain Points Scoring should score mixed pain points appropriately","status":"passed","title":"should score mixed pain points appropriately","duration":0.2034680000001572,"failureMessages":[],"location":{"line":255,"column":5},"meta":{}},{"ancestorTitles":["Lead Scoring Algorithm","Pain Points Scoring"],"fullName":"Lead Scoring Algorithm Pain Points Scoring should cap total pain point scores at 100","status":"passed","title":"should cap total pain point scores at 100","duration":0.19521400000030553,"failureMessages":[],"location":{"line":260,"column":5},"meta":{}},{"ancestorTitles":["Lead Scoring Algorithm","Pain Points Scoring"],"fullName":"Lead Scoring Algorithm Pain Points Scoring should handle empty pain points","status":"passed","title":"should handle empty pain points","duration":0.28176600000006147,"failureMessages":[],"location":{"line":265,"column":5},"meta":{}},{"ancestorTitles":["Lead Scoring Algorithm","Authority Scoring"],"fullName":"Lead Scoring Algorithm Authority Scoring should score C-level executives highest","status":"passed","title":"should score C-level executives highest","duration":0.3238980000000993,"failureMessages":[],"location":{"line":271,"column":5},"meta":{}},{"ancestorTitles":["Lead Scoring Algorithm","Authority Scoring"],"fullName":"Lead Scoring Algorithm Authority Scoring should score marketing leaders highly","status":"passed","title":"should score marketing leaders highly","duration":0.24598100000002887,"failureMessages":[],"location":{"line":276,"column":5},"meta":{}},{"ancestorTitles":["Lead Scoring Algorithm","Authority Scoring"],"fullName":"Lead Scoring Algorithm Authority Scoring should score growth leaders appropriately","status":"passed","title":"should score growth leaders appropriately","duration":0.19874099999969985,"failureMessages":[],"location":{"line":281,"column":5},"meta":{}},{"ancestorTitles":["Lead Scoring Algorithm","Authority Scoring"],"fullName":"Lead Scoring Algorithm Authority Scoring should score team members with appropriate discount","status":"passed","title":"should score team members with appropriate discount","duration":0.1988339999998061,"failureMessages":[],"location":{"line":285,"column":5},"meta":{}},{"ancestorTitles":["Lead Scoring Algorithm","Authority Scoring"],"fullName":"Lead Scoring Algorithm Authority Scoring should handle unknown titles and roles","status":"passed","title":"should handle unknown titles and roles","duration":0.19567700000015975,"failureMessages":[],"location":{"line":289,"column":5},"meta":{}},{"ancestorTitles":["Lead Scoring Algorithm","Complete Lead Scoring"],"fullName":"Lead Scoring Algorithm Complete Lead Scoring should classify ideal leads as hot","status":"passed","title":"should classify ideal leads as hot","duration":0.6760690000000977,"failureMessages":[],"location":{"line":373,"column":5},"meta":{}},{"ancestorTitles":["Lead Scoring Algorithm","Complete Lead Scoring"],"fullName":"Lead Scoring Algorithm Complete Lead Scoring should classify poor leads as cold","status":"passed","title":"should classify poor leads as cold","duration":0.3916699999999764,"failureMessages":[],"location":{"line":384,"column":5},"meta":{}},{"ancestorTitles":["Lead Scoring Algorithm","Complete Lead Scoring"],"fullName":"Lead Scoring Algorithm Complete Lead Scoring should classify moderate leads appropriately","status":"passed","title":"should classify moderate leads appropriately","duration":0.3109849999996186,"failureMessages":[],"location":{"line":394,"column":5},"meta":{}},{"ancestorTitles":["Lead Scoring Algorithm","Complete Lead Scoring"],"fullName":"Lead Scoring Algorithm Complete Lead Scoring should provide detailed scoring breakdown","status":"passed","title":"should provide detailed scoring breakdown","duration":1.0516460000003462,"failureMessages":[],"location":{"line":401,"column":5},"meta":{}},{"ancestorTitles":["Lead Scoring Algorithm","Complete Lead Scoring"],"fullName":"Lead Scoring Algorithm Complete Lead Scoring should weight components correctly in total score","status":"passed","title":"should weight components correctly in total score","duration":0.5975089999997181,"failureMessages":[],"location":{"line":418,"column":5},"meta":{}},{"ancestorTitles":["Lead Scoring Algorithm","Complete Lead Scoring"],"fullName":"Lead Scoring Algorithm Complete Lead Scoring should handle edge cases and invalid data","status":"passed","title":"should handle edge cases and invalid data","duration":0.3380309999997735,"failureMessages":[],"location":{"line":463,"column":5},"meta":{}},{"ancestorTitles":["Lead Scoring Algorithm","Business Logic Validation"],"fullName":"Lead Scoring Algorithm Business Logic Validation should prioritize company fit over individual engagement","status":"passed","title":"should prioritize company fit over individual engagement","duration":0.38656799999989744,"failureMessages":[],"location":{"line":479,"column":5},"meta":{}},{"ancestorTitles":["Lead Scoring Algorithm","Business Logic Validation"],"fullName":"Lead Scoring Algorithm Business Logic Validation should boost scores for high-value pain points combination","status":"passed","title":"should boost scores for high-value pain points combination","duration":0.2832889999999679,"failureMessages":[],"location":{"line":500,"column":5},"meta":{}}],"startTime":1755171358606,"endTime":1755171358621.3865,"status":"passed","message":"","name":"/home/ian/projects/reboot/src/utils/__tests__/leadScoring.test.ts"},{"assertionResults":[{"ancestorTitles":["Marketing Attribution Engine","First-Touch Attribution"],"fullName":"Marketing Attribution Engine First-Touch Attribution should assign 100% credit to the first touchpoint","status":"passed","title":"should assign 100% credit to the first touchpoint","duration":4.413673999999901,"failureMessages":[],"location":{"line":373,"column":5},"meta":{}},{"ancestorTitles":["Marketing Attribution Engine","First-Touch Attribution"],"fullName":"Marketing Attribution Engine First-Touch Attribution should handle single touchpoint","status":"passed","title":"should handle single touchpoint","duration":1.086264999999912,"failureMessages":[],"location":{"line":385,"column":5},"meta":{}},{"ancestorTitles":["Marketing Attribution Engine","First-Touch Attribution"],"fullName":"Marketing Attribution Engine First-Touch Attribution should handle empty touchpoints","status":"passed","title":"should handle empty touchpoints","duration":0.8116070000000946,"failureMessages":[],"location":{"line":393,"column":5},"meta":{}},{"ancestorTitles":["Marketing Attribution Engine","Last-Touch Attribution"],"fullName":"Marketing Attribution Engine Last-Touch Attribution should assign 100% credit to the final touchpoint","status":"passed","title":"should assign 100% credit to the final touchpoint","duration":0.9769510000000992,"failureMessages":[],"location":{"line":403,"column":5},"meta":{}},{"ancestorTitles":["Marketing Attribution Engine","Last-Touch Attribution"],"fullName":"Marketing Attribution Engine Last-Touch Attribution should handle reverse chronological order correctly","status":"passed","title":"should handle reverse chronological order correctly","duration":0.47462399999994886,"failureMessages":[],"location":{"line":415,"column":5},"meta":{}},{"ancestorTitles":["Marketing Attribution Engine","Linear Attribution"],"fullName":"Marketing Attribution Engine Linear Attribution should distribute credit equally across all touchpoints","status":"passed","title":"should distribute credit equally across all touchpoints","duration":0.6467720000000554,"failureMessages":[],"location":{"line":425,"column":5},"meta":{}},{"ancestorTitles":["Marketing Attribution Engine","Linear Attribution"],"fullName":"Marketing Attribution Engine Linear Attribution should combine credit for multiple touchpoints from same channel","status":"passed","title":"should combine credit for multiple touchpoints from same channel","duration":1.0413369999996576,"failureMessages":[],"location":{"line":438,"column":5},"meta":{}},{"ancestorTitles":["Marketing Attribution Engine","Time-Decay Attribution"],"fullName":"Marketing Attribution Engine Time-Decay Attribution should give more credit to recent touchpoints","status":"passed","title":"should give more credit to recent touchpoints","duration":0.821856999999909,"failureMessages":[],"location":{"line":456,"column":5},"meta":{}},{"ancestorTitles":["Marketing Attribution Engine","Time-Decay Attribution"],"fullName":"Marketing Attribution Engine Time-Decay Attribution should handle custom half-life parameters","status":"passed","title":"should handle custom half-life parameters","duration":0.5253670000001875,"failureMessages":[],"location":{"line":467,"column":5},"meta":{}},{"ancestorTitles":["Marketing Attribution Engine","Position-Based Attribution"],"fullName":"Marketing Attribution Engine Position-Based Attribution should assign 40% to first touch, 40% to last touch, 20% to middle","status":"passed","title":"should assign 40% to first touch, 40% to last touch, 20% to middle","duration":1.0043350000000828,"failureMessages":[],"location":{"line":480,"column":5},"meta":{}},{"ancestorTitles":["Marketing Attribution Engine","Position-Based Attribution"],"fullName":"Marketing Attribution Engine Position-Based Attribution should handle two touchpoints correctly","status":"passed","title":"should handle two touchpoints correctly","duration":0.33348800000021583,"failureMessages":[],"location":{"line":498,"column":5},"meta":{}},{"ancestorTitles":["Marketing Attribution Engine","Position-Based Attribution"],"fullName":"Marketing Attribution Engine Position-Based Attribution should handle single touchpoint by giving 100% credit","status":"passed","title":"should handle single touchpoint by giving 100% credit","duration":0.27440699999988283,"failureMessages":[],"location":{"line":506,"column":5},"meta":{}},{"ancestorTitles":["Marketing Attribution Engine","Data-Driven Attribution"],"fullName":"Marketing Attribution Engine Data-Driven Attribution should weight touchpoints based on channel performance and engagement","status":"passed","title":"should weight touchpoints based on channel performance and engagement","duration":0.8397180000001754,"failureMessages":[],"location":{"line":515,"column":5},"meta":{}},{"ancestorTitles":["Marketing Attribution Engine","Data-Driven Attribution"],"fullName":"Marketing Attribution Engine Data-Driven Attribution should consider engagement metrics in attribution","status":"passed","title":"should consider engagement metrics in attribution","duration":0.865603000000192,"failureMessages":[],"location":{"line":530,"column":5},"meta":{}},{"ancestorTitles":["Marketing Attribution Engine","Multi-Model Comparison"],"fullName":"Marketing Attribution Engine Multi-Model Comparison should return results for all attribution models","status":"passed","title":"should return results for all attribution models","duration":1.1511140000002342,"failureMessages":[],"location":{"line":557,"column":5},"meta":{}},{"ancestorTitles":["Marketing Attribution Engine","Multi-Model Comparison"],"fullName":"Marketing Attribution Engine Multi-Model Comparison should show different channel attributions across models","status":"passed","title":"should show different channel attributions across models","duration":0.4404349999999795,"failureMessages":[],"location":{"line":573,"column":5},"meta":{}},{"ancestorTitles":["Marketing Attribution Engine","Edge Cases and Error Handling"],"fullName":"Marketing Attribution Engine Edge Cases and Error Handling should handle touchpoints with same timestamp","status":"passed","title":"should handle touchpoints with same timestamp","duration":0.31024600000000646,"failureMessages":[],"location":{"line":590,"column":5},"meta":{}},{"ancestorTitles":["Marketing Attribution Engine","Edge Cases and Error Handling"],"fullName":"Marketing Attribution Engine Edge Cases and Error Handling should handle zero conversion value","status":"passed","title":"should handle zero conversion value","duration":0.3715199999996912,"failureMessages":[],"location":{"line":600,"column":5},"meta":{}},{"ancestorTitles":["Marketing Attribution Engine","Edge Cases and Error Handling"],"fullName":"Marketing Attribution Engine Edge Cases and Error Handling should handle negative conversion value","status":"passed","title":"should handle negative conversion value","duration":0.36702599999989616,"failureMessages":[],"location":{"line":608,"column":5},"meta":{}},{"ancestorTitles":["Marketing Attribution Engine","Edge Cases and Error Handling"],"fullName":"Marketing Attribution Engine Edge Cases and Error Handling should handle touchpoints with missing or invalid data","status":"passed","title":"should handle touchpoints with missing or invalid data","duration":0.4613960000001498,"failureMessages":[],"location":{"line":618,"column":5},"meta":{}},{"ancestorTitles":["Marketing Attribution Engine","Business Logic Validation"],"fullName":"Marketing Attribution Engine Business Logic Validation should correctly identify primary vs assisting channels","status":"passed","title":"should correctly identify primary vs assisting channels","duration":0.8085100000002967,"failureMessages":[],"location":{"line":631,"column":5},"meta":{}},{"ancestorTitles":["Marketing Attribution Engine","Business Logic Validation"],"fullName":"Marketing Attribution Engine Business Logic Validation should maintain attribution total across all models","status":"passed","title":"should maintain attribution total across all models","duration":0.5492509999999129,"failureMessages":[],"location":{"line":643,"column":5},"meta":{}},{"ancestorTitles":["Marketing Attribution Engine","Business Logic Validation"],"fullName":"Marketing Attribution Engine Business Logic Validation should handle complex customer journeys with multiple visits per channel","status":"passed","title":"should handle complex customer journeys with multiple visits per channel","duration":0.7418820000002597,"failureMessages":[],"location":{"line":652,"column":5},"meta":{}}],"startTime":1755171357530,"endTime":1755171357550.742,"status":"passed","message":"","name":"/home/ian/projects/reboot/src/utils/__tests__/marketingAttribution.test.ts"}]}