{"numTotalTestSuites":110,"numPassedTestSuites":55,"numFailedTestSuites":55,"numPendingTestSuites":0,"numTotalTests":207,"numPassedTests":132,"numFailedTests":71,"numPendingTests":4,"numTodoTests":0,"snapshot":{"added":0,"failure":false,"filesAdded":0,"filesRemoved":0,"filesRemovedList":[],"filesUnmatched":0,"filesUpdated":0,"matched":0,"total":0,"unchecked":0,"uncheckedKeysByFile":[],"unmatched":0,"updated":0,"didUpdate":false},"startTime":1755844817199,"success":false,"testResults":[{"assertionResults":[{"ancestorTitles":["App Component","Layout Structure"],"fullName":"App Component Layout Structure renders all major sections","status":"failed","title":"renders all major sections","duration":57.9486739999993,"failureMessages":["Error: useError must be used within an ErrorProvider\n    at useError (/home/ian/projects/reboot/src/contexts/ErrorContext.tsx:412:11)\n    at useErrorReporter (/home/ian/projects/reboot/src/contexts/ErrorContext.tsx:424:27)\n    at MainApp (/home/ian/projects/reboot/src/App.tsx:45:23)\n    at renderWithHooks (/home/ian/projects/reboot/node_modules/react-dom/cjs/react-dom.development.js:15486:18)\n    at mountIndeterminateComponent (/home/ian/projects/reboot/node_modules/react-dom/cjs/react-dom.development.js:20103:13)\n    at beginWork (/home/ian/projects/reboot/node_modules/react-dom/cjs/react-dom.development.js:21626:16)\n    at beginWork$1 (/home/ian/projects/reboot/node_modules/react-dom/cjs/react-dom.development.js:27465:14)\n    at performUnitOfWork (/home/ian/projects/reboot/node_modules/react-dom/cjs/react-dom.development.js:26599:12)\n    at workLoopSync (/home/ian/projects/reboot/node_modules/react-dom/cjs/react-dom.development.js:26505:5)\n    at renderRootSync (/home/ian/projects/reboot/node_modules/react-dom/cjs/react-dom.development.js:26473:7)"],"location":{"line":47,"column":5},"meta":{}},{"ancestorTitles":["App Component","Layout Structure"],"fullName":"App Component Layout Structure has proper viewport structure","status":"failed","title":"has proper viewport structure","duration":7.2508490000000165,"failureMessages":["Error: useError must be used within an ErrorProvider\n    at useError (/home/ian/projects/reboot/src/contexts/ErrorContext.tsx:412:11)\n    at useErrorReporter (/home/ian/projects/reboot/src/contexts/ErrorContext.tsx:424:27)\n    at MainApp (/home/ian/projects/reboot/src/App.tsx:45:23)\n    at renderWithHooks (/home/ian/projects/reboot/node_modules/react-dom/cjs/react-dom.development.js:15486:18)\n    at mountIndeterminateComponent (/home/ian/projects/reboot/node_modules/react-dom/cjs/react-dom.development.js:20103:13)\n    at beginWork (/home/ian/projects/reboot/node_modules/react-dom/cjs/react-dom.development.js:21626:16)\n    at beginWork$1 (/home/ian/projects/reboot/node_modules/react-dom/cjs/react-dom.development.js:27465:14)\n    at performUnitOfWork (/home/ian/projects/reboot/node_modules/react-dom/cjs/react-dom.development.js:26599:12)\n    at workLoopSync (/home/ian/projects/reboot/node_modules/react-dom/cjs/react-dom.development.js:26505:5)\n    at renderRootSync (/home/ian/projects/reboot/node_modules/react-dom/cjs/react-dom.development.js:26473:7)"],"location":{"line":57,"column":5},"meta":{}},{"ancestorTitles":["App Component","Layout Structure"],"fullName":"App Component Layout Structure hero section has minimum height and centering","status":"failed","title":"hero section has minimum height and centering","duration":6.5989450000015495,"failureMessages":["Error: useError must be used within an ErrorProvider\n    at useError (/home/ian/projects/reboot/src/contexts/ErrorContext.tsx:412:11)\n    at useErrorReporter (/home/ian/projects/reboot/src/contexts/ErrorContext.tsx:424:27)\n    at MainApp (/home/ian/projects/reboot/src/App.tsx:45:23)\n    at renderWithHooks (/home/ian/projects/reboot/node_modules/react-dom/cjs/react-dom.development.js:15486:18)\n    at mountIndeterminateComponent (/home/ian/projects/reboot/node_modules/react-dom/cjs/react-dom.development.js:20103:13)\n    at beginWork (/home/ian/projects/reboot/node_modules/react-dom/cjs/react-dom.development.js:21626:16)\n    at beginWork$1 (/home/ian/projects/reboot/node_modules/react-dom/cjs/react-dom.development.js:27465:14)\n    at performUnitOfWork (/home/ian/projects/reboot/node_modules/react-dom/cjs/react-dom.development.js:26599:12)\n    at workLoopSync (/home/ian/projects/reboot/node_modules/react-dom/cjs/react-dom.development.js:26505:5)\n    at renderRootSync (/home/ian/projects/reboot/node_modules/react-dom/cjs/react-dom.development.js:26473:7)"],"location":{"line":64,"column":5},"meta":{}},{"ancestorTitles":["App Component","Content Spacing and Padding"],"fullName":"App Component Content Spacing and Padding sections have appropriate responsive padding","status":"failed","title":"sections have appropriate responsive padding","duration":5.426928999999291,"failureMessages":["Error: useError must be used within an ErrorProvider\n    at useError (/home/ian/projects/reboot/src/contexts/ErrorContext.tsx:412:11)\n    at useErrorReporter (/home/ian/projects/reboot/src/contexts/ErrorContext.tsx:424:27)\n    at MainApp (/home/ian/projects/reboot/src/App.tsx:45:23)\n    at renderWithHooks (/home/ian/projects/reboot/node_modules/react-dom/cjs/react-dom.development.js:15486:18)\n    at mountIndeterminateComponent (/home/ian/projects/reboot/node_modules/react-dom/cjs/react-dom.development.js:20103:13)\n    at beginWork (/home/ian/projects/reboot/node_modules/react-dom/cjs/react-dom.development.js:21626:16)\n    at beginWork$1 (/home/ian/projects/reboot/node_modules/react-dom/cjs/react-dom.development.js:27465:14)\n    at performUnitOfWork (/home/ian/projects/reboot/node_modules/react-dom/cjs/react-dom.development.js:26599:12)\n    at workLoopSync (/home/ian/projects/reboot/node_modules/react-dom/cjs/react-dom.development.js:26505:5)\n    at renderRootSync (/home/ian/projects/reboot/node_modules/react-dom/cjs/react-dom.development.js:26473:7)"],"location":{"line":73,"column":5},"meta":{}},{"ancestorTitles":["App Component","Content Spacing and Padding"],"fullName":"App Component Content Spacing and Padding services section has proper spacing","status":"failed","title":"services section has proper spacing","duration":6.362401000000318,"failureMessages":["Error: useError must be used within an ErrorProvider\n    at useError (/home/ian/projects/reboot/src/contexts/ErrorContext.tsx:412:11)\n    at useErrorReporter (/home/ian/projects/reboot/src/contexts/ErrorContext.tsx:424:27)\n    at MainApp (/home/ian/projects/reboot/src/App.tsx:45:23)\n    at renderWithHooks (/home/ian/projects/reboot/node_modules/react-dom/cjs/react-dom.development.js:15486:18)\n    at mountIndeterminateComponent (/home/ian/projects/reboot/node_modules/react-dom/cjs/react-dom.development.js:20103:13)\n    at beginWork (/home/ian/projects/reboot/node_modules/react-dom/cjs/react-dom.development.js:21626:16)\n    at beginWork$1 (/home/ian/projects/reboot/node_modules/react-dom/cjs/react-dom.development.js:27465:14)\n    at performUnitOfWork (/home/ian/projects/reboot/node_modules/react-dom/cjs/react-dom.development.js:26599:12)\n    at workLoopSync (/home/ian/projects/reboot/node_modules/react-dom/cjs/react-dom.development.js:26505:5)\n    at renderRootSync (/home/ian/projects/reboot/node_modules/react-dom/cjs/react-dom.development.js:26473:7)"],"location":{"line":85,"column":5},"meta":{}},{"ancestorTitles":["App Component","Content Spacing and Padding"],"fullName":"App Component Content Spacing and Padding about section has appropriate padding","status":"failed","title":"about section has appropriate padding","duration":5.381816999999501,"failureMessages":["Error: useError must be used within an ErrorProvider\n    at useError (/home/ian/projects/reboot/src/contexts/ErrorContext.tsx:412:11)\n    at useErrorReporter (/home/ian/projects/reboot/src/contexts/ErrorContext.tsx:424:27)\n    at MainApp (/home/ian/projects/reboot/src/App.tsx:45:23)\n    at renderWithHooks (/home/ian/projects/reboot/node_modules/react-dom/cjs/react-dom.development.js:15486:18)\n    at mountIndeterminateComponent (/home/ian/projects/reboot/node_modules/react-dom/cjs/react-dom.development.js:20103:13)\n    at beginWork (/home/ian/projects/reboot/node_modules/react-dom/cjs/react-dom.development.js:21626:16)\n    at beginWork$1 (/home/ian/projects/reboot/node_modules/react-dom/cjs/react-dom.development.js:27465:14)\n    at performUnitOfWork (/home/ian/projects/reboot/node_modules/react-dom/cjs/react-dom.development.js:26599:12)\n    at workLoopSync (/home/ian/projects/reboot/node_modules/react-dom/cjs/react-dom.development.js:26505:5)\n    at renderRootSync (/home/ian/projects/reboot/node_modules/react-dom/cjs/react-dom.development.js:26473:7)"],"location":{"line":95,"column":5},"meta":{}},{"ancestorTitles":["App Component","Typography and Headings"],"fullName":"App Component Typography and Headings renders main headline with proper classes","status":"failed","title":"renders main headline with proper classes","duration":4.821518000000651,"failureMessages":["Error: useError must be used within an ErrorProvider\n    at useError (/home/ian/projects/reboot/src/contexts/ErrorContext.tsx:412:11)\n    at useErrorReporter (/home/ian/projects/reboot/src/contexts/ErrorContext.tsx:424:27)\n    at MainApp (/home/ian/projects/reboot/src/App.tsx:45:23)\n    at renderWithHooks (/home/ian/projects/reboot/node_modules/react-dom/cjs/react-dom.development.js:15486:18)\n    at mountIndeterminateComponent (/home/ian/projects/reboot/node_modules/react-dom/cjs/react-dom.development.js:20103:13)\n    at beginWork (/home/ian/projects/reboot/node_modules/react-dom/cjs/react-dom.development.js:21626:16)\n    at beginWork$1 (/home/ian/projects/reboot/node_modules/react-dom/cjs/react-dom.development.js:27465:14)\n    at performUnitOfWork (/home/ian/projects/reboot/node_modules/react-dom/cjs/react-dom.development.js:26599:12)\n    at workLoopSync (/home/ian/projects/reboot/node_modules/react-dom/cjs/react-dom.development.js:26505:5)\n    at renderRootSync (/home/ian/projects/reboot/node_modules/react-dom/cjs/react-dom.development.js:26473:7)"],"location":{"line":107,"column":5},"meta":{}},{"ancestorTitles":["App Component","Typography and Headings"],"fullName":"App Component Typography and Headings typewriter effect word displays correctly","status":"failed","title":"typewriter effect word displays correctly","duration":13.33006800000112,"failureMessages":["Error: useError must be used within an ErrorProvider\n    at useError (/home/ian/projects/reboot/src/contexts/ErrorContext.tsx:412:11)\n    at useErrorReporter (/home/ian/projects/reboot/src/contexts/ErrorContext.tsx:424:27)\n    at MainApp (/home/ian/projects/reboot/src/App.tsx:45:23)\n    at renderWithHooks (/home/ian/projects/reboot/node_modules/react-dom/cjs/react-dom.development.js:15486:18)\n    at mountIndeterminateComponent (/home/ian/projects/reboot/node_modules/react-dom/cjs/react-dom.development.js:20103:13)\n    at beginWork (/home/ian/projects/reboot/node_modules/react-dom/cjs/react-dom.development.js:21626:16)\n    at beginWork$1 (/home/ian/projects/reboot/node_modules/react-dom/cjs/react-dom.development.js:27465:14)\n    at performUnitOfWork (/home/ian/projects/reboot/node_modules/react-dom/cjs/react-dom.development.js:26599:12)\n    at workLoopSync (/home/ian/projects/reboot/node_modules/react-dom/cjs/react-dom.development.js:26505:5)\n    at renderRootSync (/home/ian/projects/reboot/node_modules/react-dom/cjs/react-dom.development.js:26473:7)"],"location":{"line":115,"column":5},"meta":{}},{"ancestorTitles":["App Component","SEO and Meta Tags"],"fullName":"App Component SEO and Meta Tags renders SEO head component","status":"failed","title":"renders SEO head component","duration":5.31478000000061,"failureMessages":["Error: useError must be used within an ErrorProvider\n    at useError (/home/ian/projects/reboot/src/contexts/ErrorContext.tsx:412:11)\n    at useErrorReporter (/home/ian/projects/reboot/src/contexts/ErrorContext.tsx:424:27)\n    at MainApp (/home/ian/projects/reboot/src/App.tsx:45:23)\n    at renderWithHooks (/home/ian/projects/reboot/node_modules/react-dom/cjs/react-dom.development.js:15486:18)\n    at mountIndeterminateComponent (/home/ian/projects/reboot/node_modules/react-dom/cjs/react-dom.development.js:20103:13)\n    at beginWork (/home/ian/projects/reboot/node_modules/react-dom/cjs/react-dom.development.js:21626:16)\n    at beginWork$1 (/home/ian/projects/reboot/node_modules/react-dom/cjs/react-dom.development.js:27465:14)\n    at performUnitOfWork (/home/ian/projects/reboot/node_modules/react-dom/cjs/react-dom.development.js:26599:12)\n    at workLoopSync (/home/ian/projects/reboot/node_modules/react-dom/cjs/react-dom.development.js:26505:5)\n    at renderRootSync (/home/ian/projects/reboot/node_modules/react-dom/cjs/react-dom.development.js:26473:7)"],"location":{"line":127,"column":5},"meta":{}},{"ancestorTitles":["App Component","Responsive Design"],"fullName":"App Component Responsive Design hero benefits grid is responsive","status":"failed","title":"hero benefits grid is responsive","duration":4.815402999998696,"failureMessages":["Error: useError must be used within an ErrorProvider\n    at useError (/home/ian/projects/reboot/src/contexts/ErrorContext.tsx:412:11)\n    at useErrorReporter (/home/ian/projects/reboot/src/contexts/ErrorContext.tsx:424:27)\n    at MainApp (/home/ian/projects/reboot/src/App.tsx:45:23)\n    at renderWithHooks (/home/ian/projects/reboot/node_modules/react-dom/cjs/react-dom.development.js:15486:18)\n    at mountIndeterminateComponent (/home/ian/projects/reboot/node_modules/react-dom/cjs/react-dom.development.js:20103:13)\n    at beginWork (/home/ian/projects/reboot/node_modules/react-dom/cjs/react-dom.development.js:21626:16)\n    at beginWork$1 (/home/ian/projects/reboot/node_modules/react-dom/cjs/react-dom.development.js:27465:14)\n    at performUnitOfWork (/home/ian/projects/reboot/node_modules/react-dom/cjs/react-dom.development.js:26599:12)\n    at workLoopSync (/home/ian/projects/reboot/node_modules/react-dom/cjs/react-dom.development.js:26505:5)\n    at renderRootSync (/home/ian/projects/reboot/node_modules/react-dom/cjs/react-dom.development.js:26473:7)"],"location":{"line":136,"column":5},"meta":{}},{"ancestorTitles":["App Component","Responsive Design"],"fullName":"App Component Responsive Design CTA button has responsive sizing","status":"failed","title":"CTA button has responsive sizing","duration":8.804456000001665,"failureMessages":["Error: useError must be used within an ErrorProvider\n    at useError (/home/ian/projects/reboot/src/contexts/ErrorContext.tsx:412:11)\n    at useErrorReporter (/home/ian/projects/reboot/src/contexts/ErrorContext.tsx:424:27)\n    at MainApp (/home/ian/projects/reboot/src/App.tsx:45:23)\n    at renderWithHooks (/home/ian/projects/reboot/node_modules/react-dom/cjs/react-dom.development.js:15486:18)\n    at mountIndeterminateComponent (/home/ian/projects/reboot/node_modules/react-dom/cjs/react-dom.development.js:20103:13)\n    at beginWork (/home/ian/projects/reboot/node_modules/react-dom/cjs/react-dom.development.js:21626:16)\n    at beginWork$1 (/home/ian/projects/reboot/node_modules/react-dom/cjs/react-dom.development.js:27465:14)\n    at performUnitOfWork (/home/ian/projects/reboot/node_modules/react-dom/cjs/react-dom.development.js:26599:12)\n    at workLoopSync (/home/ian/projects/reboot/node_modules/react-dom/cjs/react-dom.development.js:26505:5)\n    at renderRootSync (/home/ian/projects/reboot/node_modules/react-dom/cjs/react-dom.development.js:26473:7)"],"location":{"line":143,"column":5},"meta":{}},{"ancestorTitles":["App Component","Content Layout Issues"],"fullName":"App Component Content Layout Issues hero section content is properly contained","status":"failed","title":"hero section content is properly contained","duration":6.56041599999844,"failureMessages":["Error: useError must be used within an ErrorProvider\n    at useError (/home/ian/projects/reboot/src/contexts/ErrorContext.tsx:412:11)\n    at useErrorReporter (/home/ian/projects/reboot/src/contexts/ErrorContext.tsx:424:27)\n    at MainApp (/home/ian/projects/reboot/src/App.tsx:45:23)\n    at renderWithHooks (/home/ian/projects/reboot/node_modules/react-dom/cjs/react-dom.development.js:15486:18)\n    at mountIndeterminateComponent (/home/ian/projects/reboot/node_modules/react-dom/cjs/react-dom.development.js:20103:13)\n    at beginWork (/home/ian/projects/reboot/node_modules/react-dom/cjs/react-dom.development.js:21626:16)\n    at beginWork$1 (/home/ian/projects/reboot/node_modules/react-dom/cjs/react-dom.development.js:27465:14)\n    at performUnitOfWork (/home/ian/projects/reboot/node_modules/react-dom/cjs/react-dom.development.js:26599:12)\n    at workLoopSync (/home/ian/projects/reboot/node_modules/react-dom/cjs/react-dom.development.js:26505:5)\n    at renderRootSync (/home/ian/projects/reboot/node_modules/react-dom/cjs/react-dom.development.js:26473:7)"],"location":{"line":152,"column":5},"meta":{}},{"ancestorTitles":["App Component","Content Layout Issues"],"fullName":"App Component Content Layout Issues ensures content does not overlap with fixed header","status":"failed","title":"ensures content does not overlap with fixed header","duration":8.319940000001225,"failureMessages":["Error: useError must be used within an ErrorProvider\n    at useError (/home/ian/projects/reboot/src/contexts/ErrorContext.tsx:412:11)\n    at useErrorReporter (/home/ian/projects/reboot/src/contexts/ErrorContext.tsx:424:27)\n    at MainApp (/home/ian/projects/reboot/src/App.tsx:45:23)\n    at renderWithHooks (/home/ian/projects/reboot/node_modules/react-dom/cjs/react-dom.development.js:15486:18)\n    at mountIndeterminateComponent (/home/ian/projects/reboot/node_modules/react-dom/cjs/react-dom.development.js:20103:13)\n    at beginWork (/home/ian/projects/reboot/node_modules/react-dom/cjs/react-dom.development.js:21626:16)\n    at beginWork$1 (/home/ian/projects/reboot/node_modules/react-dom/cjs/react-dom.development.js:27465:14)\n    at performUnitOfWork (/home/ian/projects/reboot/node_modules/react-dom/cjs/react-dom.development.js:26599:12)\n    at workLoopSync (/home/ian/projects/reboot/node_modules/react-dom/cjs/react-dom.development.js:26505:5)\n    at renderRootSync (/home/ian/projects/reboot/node_modules/react-dom/cjs/react-dom.development.js:26473:7)"],"location":{"line":159,"column":5},"meta":{}},{"ancestorTitles":["App Component","Industry Experience Section"],"fullName":"App Component Industry Experience Section renders industry experience question section","status":"failed","title":"renders industry experience question section","duration":3.9499780000005558,"failureMessages":["Error: useError must be used within an ErrorProvider\n    at useError (/home/ian/projects/reboot/src/contexts/ErrorContext.tsx:412:11)\n    at useErrorReporter (/home/ian/projects/reboot/src/contexts/ErrorContext.tsx:424:27)\n    at MainApp (/home/ian/projects/reboot/src/App.tsx:45:23)\n    at renderWithHooks (/home/ian/projects/reboot/node_modules/react-dom/cjs/react-dom.development.js:15486:18)\n    at mountIndeterminateComponent (/home/ian/projects/reboot/node_modules/react-dom/cjs/react-dom.development.js:20103:13)\n    at beginWork (/home/ian/projects/reboot/node_modules/react-dom/cjs/react-dom.development.js:21626:16)\n    at beginWork$1 (/home/ian/projects/reboot/node_modules/react-dom/cjs/react-dom.development.js:27465:14)\n    at performUnitOfWork (/home/ian/projects/reboot/node_modules/react-dom/cjs/react-dom.development.js:26599:12)\n    at workLoopSync (/home/ian/projects/reboot/node_modules/react-dom/cjs/react-dom.development.js:26505:5)\n    at renderRootSync (/home/ian/projects/reboot/node_modules/react-dom/cjs/react-dom.development.js:26473:7)"],"location":{"line":174,"column":5},"meta":{}},{"ancestorTitles":["App Component","Industry Experience Section"],"fullName":"App Component Industry Experience Section has proper step-by-step layout","status":"failed","title":"has proper step-by-step layout","duration":3.7425249999996595,"failureMessages":["Error: useError must be used within an ErrorProvider\n    at useError (/home/ian/projects/reboot/src/contexts/ErrorContext.tsx:412:11)\n    at useErrorReporter (/home/ian/projects/reboot/src/contexts/ErrorContext.tsx:424:27)\n    at MainApp (/home/ian/projects/reboot/src/App.tsx:45:23)\n    at renderWithHooks (/home/ian/projects/reboot/node_modules/react-dom/cjs/react-dom.development.js:15486:18)\n    at mountIndeterminateComponent (/home/ian/projects/reboot/node_modules/react-dom/cjs/react-dom.development.js:20103:13)\n    at beginWork (/home/ian/projects/reboot/node_modules/react-dom/cjs/react-dom.development.js:21626:16)\n    at beginWork$1 (/home/ian/projects/reboot/node_modules/react-dom/cjs/react-dom.development.js:27465:14)\n    at performUnitOfWork (/home/ian/projects/reboot/node_modules/react-dom/cjs/react-dom.development.js:26599:12)\n    at workLoopSync (/home/ian/projects/reboot/node_modules/react-dom/cjs/react-dom.development.js:26505:5)\n    at renderRootSync (/home/ian/projects/reboot/node_modules/react-dom/cjs/react-dom.development.js:26473:7)"],"location":{"line":181,"column":5},"meta":{}},{"ancestorTitles":["App Component","Final CTA Section"],"fullName":"App Component Final CTA Section renders procrastinator messaging","status":"failed","title":"renders procrastinator messaging","duration":3.814227999999275,"failureMessages":["Error: useError must be used within an ErrorProvider\n    at useError (/home/ian/projects/reboot/src/contexts/ErrorContext.tsx:412:11)\n    at useErrorReporter (/home/ian/projects/reboot/src/contexts/ErrorContext.tsx:424:27)\n    at MainApp (/home/ian/projects/reboot/src/App.tsx:45:23)\n    at renderWithHooks (/home/ian/projects/reboot/node_modules/react-dom/cjs/react-dom.development.js:15486:18)\n    at mountIndeterminateComponent (/home/ian/projects/reboot/node_modules/react-dom/cjs/react-dom.development.js:20103:13)\n    at beginWork (/home/ian/projects/reboot/node_modules/react-dom/cjs/react-dom.development.js:21626:16)\n    at beginWork$1 (/home/ian/projects/reboot/node_modules/react-dom/cjs/react-dom.development.js:27465:14)\n    at performUnitOfWork (/home/ian/projects/reboot/node_modules/react-dom/cjs/react-dom.development.js:26599:12)\n    at workLoopSync (/home/ian/projects/reboot/node_modules/react-dom/cjs/react-dom.development.js:26505:5)\n    at renderRootSync (/home/ian/projects/reboot/node_modules/react-dom/cjs/react-dom.development.js:26473:7)"],"location":{"line":195,"column":5},"meta":{}},{"ancestorTitles":["App Component","Final CTA Section"],"fullName":"App Component Final CTA Section renders skeptic messaging","status":"failed","title":"renders skeptic messaging","duration":3.5831859999998414,"failureMessages":["Error: useError must be used within an ErrorProvider\n    at useError (/home/ian/projects/reboot/src/contexts/ErrorContext.tsx:412:11)\n    at useErrorReporter (/home/ian/projects/reboot/src/contexts/ErrorContext.tsx:424:27)\n    at MainApp (/home/ian/projects/reboot/src/App.tsx:45:23)\n    at renderWithHooks (/home/ian/projects/reboot/node_modules/react-dom/cjs/react-dom.development.js:15486:18)\n    at mountIndeterminateComponent (/home/ian/projects/reboot/node_modules/react-dom/cjs/react-dom.development.js:20103:13)\n    at beginWork (/home/ian/projects/reboot/node_modules/react-dom/cjs/react-dom.development.js:21626:16)\n    at beginWork$1 (/home/ian/projects/reboot/node_modules/react-dom/cjs/react-dom.development.js:27465:14)\n    at performUnitOfWork (/home/ian/projects/reboot/node_modules/react-dom/cjs/react-dom.development.js:26599:12)\n    at workLoopSync (/home/ian/projects/reboot/node_modules/react-dom/cjs/react-dom.development.js:26505:5)\n    at renderRootSync (/home/ian/projects/reboot/node_modules/react-dom/cjs/react-dom.development.js:26473:7)"],"location":{"line":202,"column":5},"meta":{}},{"ancestorTitles":["App Component","Final CTA Section"],"fullName":"App Component Final CTA Section final CTA section has dark background","status":"failed","title":"final CTA section has dark background","duration":3.8244329999997717,"failureMessages":["Error: useError must be used within an ErrorProvider\n    at useError (/home/ian/projects/reboot/src/contexts/ErrorContext.tsx:412:11)\n    at useErrorReporter (/home/ian/projects/reboot/src/contexts/ErrorContext.tsx:424:27)\n    at MainApp (/home/ian/projects/reboot/src/App.tsx:45:23)\n    at renderWithHooks (/home/ian/projects/reboot/node_modules/react-dom/cjs/react-dom.development.js:15486:18)\n    at mountIndeterminateComponent (/home/ian/projects/reboot/node_modules/react-dom/cjs/react-dom.development.js:20103:13)\n    at beginWork (/home/ian/projects/reboot/node_modules/react-dom/cjs/react-dom.development.js:21626:16)\n    at beginWork$1 (/home/ian/projects/reboot/node_modules/react-dom/cjs/react-dom.development.js:27465:14)\n    at performUnitOfWork (/home/ian/projects/reboot/node_modules/react-dom/cjs/react-dom.development.js:26599:12)\n    at workLoopSync (/home/ian/projects/reboot/node_modules/react-dom/cjs/react-dom.development.js:26505:5)\n    at renderRootSync (/home/ian/projects/reboot/node_modules/react-dom/cjs/react-dom.development.js:26473:7)"],"location":{"line":208,"column":5},"meta":{}},{"ancestorTitles":["App Component","Mobile Optimization"],"fullName":"App Component Mobile Optimization text uses responsive sizing","status":"failed","title":"text uses responsive sizing","duration":3.5016500000001543,"failureMessages":["Error: useError must be used within an ErrorProvider\n    at useError (/home/ian/projects/reboot/src/contexts/ErrorContext.tsx:412:11)\n    at useErrorReporter (/home/ian/projects/reboot/src/contexts/ErrorContext.tsx:424:27)\n    at MainApp (/home/ian/projects/reboot/src/App.tsx:45:23)\n    at renderWithHooks (/home/ian/projects/reboot/node_modules/react-dom/cjs/react-dom.development.js:15486:18)\n    at mountIndeterminateComponent (/home/ian/projects/reboot/node_modules/react-dom/cjs/react-dom.development.js:20103:13)\n    at beginWork (/home/ian/projects/reboot/node_modules/react-dom/cjs/react-dom.development.js:21626:16)\n    at beginWork$1 (/home/ian/projects/reboot/node_modules/react-dom/cjs/react-dom.development.js:27465:14)\n    at performUnitOfWork (/home/ian/projects/reboot/node_modules/react-dom/cjs/react-dom.development.js:26599:12)\n    at workLoopSync (/home/ian/projects/reboot/node_modules/react-dom/cjs/react-dom.development.js:26505:5)\n    at renderRootSync (/home/ian/projects/reboot/node_modules/react-dom/cjs/react-dom.development.js:26473:7)"],"location":{"line":217,"column":5},"meta":{}},{"ancestorTitles":["App Component","Mobile Optimization"],"fullName":"App Component Mobile Optimization benefits cards stack on mobile","status":"failed","title":"benefits cards stack on mobile","duration":13.313389999999345,"failureMessages":["Error: useError must be used within an ErrorProvider\n    at useError (/home/ian/projects/reboot/src/contexts/ErrorContext.tsx:412:11)\n    at useErrorReporter (/home/ian/projects/reboot/src/contexts/ErrorContext.tsx:424:27)\n    at MainApp (/home/ian/projects/reboot/src/App.tsx:45:23)\n    at renderWithHooks (/home/ian/projects/reboot/node_modules/react-dom/cjs/react-dom.development.js:15486:18)\n    at mountIndeterminateComponent (/home/ian/projects/reboot/node_modules/react-dom/cjs/react-dom.development.js:20103:13)\n    at beginWork (/home/ian/projects/reboot/node_modules/react-dom/cjs/react-dom.development.js:21626:16)\n    at beginWork$1 (/home/ian/projects/reboot/node_modules/react-dom/cjs/react-dom.development.js:27465:14)\n    at performUnitOfWork (/home/ian/projects/reboot/node_modules/react-dom/cjs/react-dom.development.js:26599:12)\n    at workLoopSync (/home/ian/projects/reboot/node_modules/react-dom/cjs/react-dom.development.js:26505:5)\n    at renderRootSync (/home/ian/projects/reboot/node_modules/react-dom/cjs/react-dom.development.js:26473:7)"],"location":{"line":225,"column":5},"meta":{}}],"startTime":1755844830503,"endTime":1755844830681.3135,"status":"failed","message":"","name":"/home/ian/projects/reboot/src/__tests__/App.test.tsx"},{"assertionResults":[{"ancestorTitles":["Header Padding Integration Tests","Fixed Header Impact on Content"],"fullName":"Header Padding Integration Tests Fixed Header Impact on Content About page content is not hidden under fixed header","status":"passed","title":"About page content is not hidden under fixed header","duration":131.0333389999978,"failureMessages":[],"location":{"line":46,"column":5},"meta":{}},{"ancestorTitles":["Header Padding Integration Tests","Fixed Header Impact on Content"],"fullName":"Header Padding Integration Tests Fixed Header Impact on Content identifies pages that might have header overlap issues","status":"passed","title":"identifies pages that might have header overlap issues","duration":375.9268840000004,"failureMessages":[],"location":{"line":57,"column":5},"meta":{}},{"ancestorTitles":["Header Padding Integration Tests","Mobile Responsive Padding"],"fullName":"Header Padding Integration Tests Mobile Responsive Padding verifies mobile has different padding values","status":"passed","title":"verifies mobile has different padding values","duration":54.55447500000082,"failureMessages":[],"location":{"line":111,"column":5},"meta":{}},{"ancestorTitles":["Header Padding Integration Tests","Mobile Responsive Padding"],"fullName":"Header Padding Integration Tests Mobile Responsive Padding checks that header height is accounted for in padding","status":"failed","title":"checks that header height is accounted for in padding","duration":20.715338999998494,"failureMessages":["Error: \u001b[2mexpect(\u001b[22m\u001b[31mreceived\u001b[39m\u001b[2m).toBeInTheDocument()\u001b[22m\n\n\u001b[31mreceived\u001b[39m value must be an HTMLElement or an SVGElement.\nReceived has type:  Null\nReceived has value: \u001b[31mnull\u001b[39m\n    at Proxy.expectWrapper (file:///home/ian/projects/reboot/node_modules/@vitest/expect/dist/index.js:1734:36)\n    at Proxy.<anonymous> (file:///home/ian/projects/reboot/node_modules/@vitest/expect/dist/index.js:1029:14)\n    at Proxy.methodWrapper (file:///home/ian/projects/reboot/node_modules/chai/chai.js:1706:25)\n    at /home/ian/projects/reboot/src/__tests__/HeaderPaddingIntegration.test.tsx:128:27\n    at file:///home/ian/projects/reboot/node_modules/@vitest/runner/dist/chunk-hooks.js:155:11\n    at file:///home/ian/projects/reboot/node_modules/@vitest/runner/dist/chunk-hooks.js:752:26\n    at file:///home/ian/projects/reboot/node_modules/@vitest/runner/dist/chunk-hooks.js:1897:20\n    at new Promise (<anonymous>)\n    at runWithTimeout (file:///home/ian/projects/reboot/node_modules/@vitest/runner/dist/chunk-hooks.js:1863:10)\n    at runTest (file:///home/ian/projects/reboot/node_modules/@vitest/runner/dist/chunk-hooks.js:1574:12)"],"location":{"line":119,"column":5},"meta":{}},{"ancestorTitles":["Header Padding Integration Tests","Sticky Header Visual Issues"],"fullName":"Header Padding Integration Tests Sticky Header Visual Issues header has proper backdrop blur for content visibility","status":"failed","title":"header has proper backdrop blur for content visibility","duration":7.721177999999782,"failureMessages":["Error: \u001b[2mexpect(\u001b[22m\u001b[31mreceived\u001b[39m\u001b[2m).toBeInTheDocument()\u001b[22m\n\n\u001b[31mreceived\u001b[39m value must be an HTMLElement or an SVGElement.\nReceived has type:  Null\nReceived has value: \u001b[31mnull\u001b[39m\n    at Proxy.expectWrapper (file:///home/ian/projects/reboot/node_modules/@vitest/expect/dist/index.js:1734:36)\n    at Proxy.<anonymous> (file:///home/ian/projects/reboot/node_modules/@vitest/expect/dist/index.js:1029:14)\n    at Proxy.methodWrapper (file:///home/ian/projects/reboot/node_modules/chai/chai.js:1706:25)\n    at /home/ian/projects/reboot/src/__tests__/HeaderPaddingIntegration.test.tsx:146:25\n    at file:///home/ian/projects/reboot/node_modules/@vitest/runner/dist/chunk-hooks.js:155:11\n    at file:///home/ian/projects/reboot/node_modules/@vitest/runner/dist/chunk-hooks.js:752:26\n    at file:///home/ian/projects/reboot/node_modules/@vitest/runner/dist/chunk-hooks.js:1897:20\n    at new Promise (<anonymous>)\n    at runWithTimeout (file:///home/ian/projects/reboot/node_modules/@vitest/runner/dist/chunk-hooks.js:1863:10)\n    at runTest (file:///home/ian/projects/reboot/node_modules/@vitest/runner/dist/chunk-hooks.js:1574:12)"],"location":{"line":138,"column":5},"meta":{}},{"ancestorTitles":["Header Padding Integration Tests","Sticky Header Visual Issues"],"fullName":"Header Padding Integration Tests Sticky Header Visual Issues header background opacity allows content to show through slightly","status":"failed","title":"header background opacity allows content to show through slightly","duration":10.62499200000093,"failureMessages":["Error: \u001b[2mexpect(\u001b[22m\u001b[31mreceived\u001b[39m\u001b[2m).toBeInTheDocument()\u001b[22m\n\n\u001b[31mreceived\u001b[39m value must be an HTMLElement or an SVGElement.\nReceived has type:  Null\nReceived has value: \u001b[31mnull\u001b[39m\n    at Proxy.expectWrapper (file:///home/ian/projects/reboot/node_modules/@vitest/expect/dist/index.js:1734:36)\n    at Proxy.<anonymous> (file:///home/ian/projects/reboot/node_modules/@vitest/expect/dist/index.js:1029:14)\n    at Proxy.methodWrapper (file:///home/ian/projects/reboot/node_modules/chai/chai.js:1706:25)\n    at /home/ian/projects/reboot/src/__tests__/HeaderPaddingIntegration.test.tsx:158:25\n    at file:///home/ian/projects/reboot/node_modules/@vitest/runner/dist/chunk-hooks.js:155:11\n    at file:///home/ian/projects/reboot/node_modules/@vitest/runner/dist/chunk-hooks.js:752:26\n    at file:///home/ian/projects/reboot/node_modules/@vitest/runner/dist/chunk-hooks.js:1897:20\n    at new Promise (<anonymous>)\n    at runWithTimeout (file:///home/ian/projects/reboot/node_modules/@vitest/runner/dist/chunk-hooks.js:1863:10)\n    at runTest (file:///home/ian/projects/reboot/node_modules/@vitest/runner/dist/chunk-hooks.js:1574:12)"],"location":{"line":150,"column":5},"meta":{}},{"ancestorTitles":["Header Padding Integration Tests","Content Start Position"],"fullName":"Header Padding Integration Tests Content Start Position ensures no content starts at absolute top (0px)","status":"passed","title":"ensures no content starts at absolute top (0px)","duration":32.48035399999935,"failureMessages":[],"location":{"line":165,"column":5},"meta":{}},{"ancestorTitles":["Header Padding Integration Tests","Specific Padding Recommendations"],"fullName":"Header Padding Integration Tests Specific Padding Recommendations documents recommended padding values for sticky header","status":"passed","title":"documents recommended padding values for sticky header","duration":0.5710810000018682,"failureMessages":[],"location":{"line":187,"column":5},"meta":{}}],"startTime":1755844834188,"endTime":1755844834824.571,"status":"failed","message":"","name":"/home/ian/projects/reboot/src/__tests__/HeaderPaddingIntegration.test.tsx"},{"assertionResults":[],"startTime":1755844817199,"endTime":1755844817199,"status":"failed","message":"Failed to resolve import \"../components/GlobalHeader\" from \".accessibility-migration-backup/pages/About.tsx\". Does the file exist?","name":"/home/ian/projects/reboot/.accessibility-migration-backup/pages/__tests__/About.test.tsx"},{"assertionResults":[{"ancestorTitles":["BackgroundGradient","Rendering"],"fullName":"BackgroundGradient Rendering renders without crashing","status":"passed","title":"renders without crashing","duration":116.44883699999991,"failureMessages":[],"location":{"line":7,"column":5},"meta":{}},{"ancestorTitles":["BackgroundGradient","Rendering"],"fullName":"BackgroundGradient Rendering renders as a fixed positioned element","status":"passed","title":"renders as a fixed positioned element","duration":5.163642000003165,"failureMessages":[],"location":{"line":12,"column":5},"meta":{}},{"ancestorTitles":["BackgroundGradient","Rendering"],"fullName":"BackgroundGradient Rendering has proper z-index for background layer","status":"failed","title":"has proper z-index for background layer","duration":10.146745000001829,"failureMessages":["AssertionError: expected '-2' to be '-1' // Object.is equality\n    at /home/ian/projects/reboot/src/components/__tests__/BackgroundGradient.test.tsx:25:44\n    at file:///home/ian/projects/reboot/node_modules/@vitest/runner/dist/chunk-hooks.js:155:11\n    at file:///home/ian/projects/reboot/node_modules/@vitest/runner/dist/chunk-hooks.js:752:26\n    at file:///home/ian/projects/reboot/node_modules/@vitest/runner/dist/chunk-hooks.js:1897:20\n    at new Promise (<anonymous>)\n    at runWithTimeout (file:///home/ian/projects/reboot/node_modules/@vitest/runner/dist/chunk-hooks.js:1863:10)\n    at runTest (file:///home/ian/projects/reboot/node_modules/@vitest/runner/dist/chunk-hooks.js:1574:12)\n    at runSuite (file:///home/ian/projects/reboot/node_modules/@vitest/runner/dist/chunk-hooks.js:1729:8)\n    at runSuite (file:///home/ian/projects/reboot/node_modules/@vitest/runner/dist/chunk-hooks.js:1729:8)\n    at runSuite (file:///home/ian/projects/reboot/node_modules/@vitest/runner/dist/chunk-hooks.js:1729:8)"],"location":{"line":20,"column":5},"meta":{}},{"ancestorTitles":["BackgroundGradient","Performance Optimization"],"fullName":"BackgroundGradient Performance Optimization uses CSS transform for GPU acceleration","status":"passed","title":"uses CSS transform for GPU acceleration","duration":3.6942070000004605,"failureMessages":[],"location":{"line":30,"column":5},"meta":{}},{"ancestorTitles":["BackgroundGradient","Performance Optimization"],"fullName":"BackgroundGradient Performance Optimization does not cause layout shifts","status":"passed","title":"does not cause layout shifts","duration":4.177686999999423,"failureMessages":[],"location":{"line":42,"column":5},"meta":{}},{"ancestorTitles":["BackgroundGradient","Visual Design"],"fullName":"BackgroundGradient Visual Design implements mathematical gradient system","status":"passed","title":"implements mathematical gradient system","duration":3.4264939999993658,"failureMessages":[],"location":{"line":53,"column":5},"meta":{}},{"ancestorTitles":["BackgroundGradient","Visual Design"],"fullName":"BackgroundGradient Visual Design uses proper color hierarchy (60-30-10 rule)","status":"passed","title":"uses proper color hierarchy (60-30-10 rule)","duration":3.00586900000053,"failureMessages":[],"location":{"line":61,"column":5},"meta":{}},{"ancestorTitles":["BackgroundGradient","Visual Design"],"fullName":"BackgroundGradient Visual Design supports reduced motion preferences","status":"passed","title":"supports reduced motion preferences","duration":2.6290140000019164,"failureMessages":[],"location":{"line":73,"column":5},"meta":{}},{"ancestorTitles":["BackgroundGradient","Accessibility"],"fullName":"BackgroundGradient Accessibility does not interfere with screen readers","status":"passed","title":"does not interfere with screen readers","duration":3.1477860000013607,"failureMessages":[],"location":{"line":89,"column":5},"meta":{}},{"ancestorTitles":["BackgroundGradient","Accessibility"],"fullName":"BackgroundGradient Accessibility does not affect keyboard navigation","status":"passed","title":"does not affect keyboard navigation","duration":3.4269009999989066,"failureMessages":[],"location":{"line":97,"column":5},"meta":{}},{"ancestorTitles":["BackgroundGradient","Browser Compatibility"],"fullName":"BackgroundGradient Browser Compatibility provides fallbacks for unsupported features","status":"passed","title":"provides fallbacks for unsupported features","duration":5.073053000000073,"failureMessages":[],"location":{"line":109,"column":5},"meta":{}},{"ancestorTitles":["BackgroundGradient","Browser Compatibility"],"fullName":"BackgroundGradient Browser Compatibility uses efficient CSS properties","status":"passed","title":"uses efficient CSS properties","duration":7.528701000002911,"failureMessages":[],"location":{"line":117,"column":5},"meta":{}},{"ancestorTitles":["BackgroundGradient","Integration"],"fullName":"BackgroundGradient Integration works with other components","status":"passed","title":"works with other components","duration":20.338203999999678,"failureMessages":[],"location":{"line":130,"column":5},"meta":{}},{"ancestorTitles":["BackgroundGradient","Integration"],"fullName":"BackgroundGradient Integration maintains proper stacking context","status":"failed","title":"maintains proper stacking context","duration":4.13527299999987,"failureMessages":["AssertionError: expected '-2' to be '-1' // Object.is equality\n    at /home/ian/projects/reboot/src/components/__tests__/BackgroundGradient.test.tsx:157:64\n    at file:///home/ian/projects/reboot/node_modules/@vitest/runner/dist/chunk-hooks.js:155:11\n    at file:///home/ian/projects/reboot/node_modules/@vitest/runner/dist/chunk-hooks.js:752:26\n    at file:///home/ian/projects/reboot/node_modules/@vitest/runner/dist/chunk-hooks.js:1897:20\n    at new Promise (<anonymous>)\n    at runWithTimeout (file:///home/ian/projects/reboot/node_modules/@vitest/runner/dist/chunk-hooks.js:1863:10)\n    at runTest (file:///home/ian/projects/reboot/node_modules/@vitest/runner/dist/chunk-hooks.js:1574:12)\n    at runSuite (file:///home/ian/projects/reboot/node_modules/@vitest/runner/dist/chunk-hooks.js:1729:8)\n    at runSuite (file:///home/ian/projects/reboot/node_modules/@vitest/runner/dist/chunk-hooks.js:1729:8)\n    at runSuite (file:///home/ian/projects/reboot/node_modules/@vitest/runner/dist/chunk-hooks.js:1729:8)"],"location":{"line":146,"column":5},"meta":{}},{"ancestorTitles":["BackgroundGradient","Performance Impact"],"fullName":"BackgroundGradient Performance Impact does not cause unnecessary DOM mutations","status":"passed","title":"does not cause unnecessary DOM mutations","duration":4.200690000001487,"failureMessages":[],"location":{"line":162,"column":5},"meta":{}},{"ancestorTitles":["BackgroundGradient","Performance Impact"],"fullName":"BackgroundGradient Performance Impact uses efficient CSS for full viewport coverage","status":"passed","title":"uses efficient CSS for full viewport coverage","duration":2.3592919999973674,"failureMessages":[],"location":{"line":171,"column":5},"meta":{}}],"startTime":1755844835911,"endTime":1755844836110.3594,"status":"failed","message":"","name":"/home/ian/projects/reboot/src/components/__tests__/BackgroundGradient.test.tsx"},{"assertionResults":[{"ancestorTitles":["ErrorBoundary","Component-level Error Boundary"],"fullName":"ErrorBoundary Component-level Error Boundary should render children when no error occurs","status":"passed","title":"should render children when no error occurs","duration":39.526716999999735,"failureMessages":[],"location":{"line":39,"column":5},"meta":{}},{"ancestorTitles":["ErrorBoundary","Component-level Error Boundary"],"fullName":"ErrorBoundary Component-level Error Boundary should catch and display component error fallback","status":"passed","title":"should catch and display component error fallback","duration":37.848639000000276,"failureMessages":[],"location":{"line":51,"column":5},"meta":{}},{"ancestorTitles":["ErrorBoundary","Component-level Error Boundary"],"fullName":"ErrorBoundary Component-level Error Boundary should show retry button for component errors","status":"passed","title":"should show retry button for component errors","duration":12.117718999999852,"failureMessages":[],"location":{"line":64,"column":5},"meta":{}},{"ancestorTitles":["ErrorBoundary","Component-level Error Boundary"],"fullName":"ErrorBoundary Component-level Error Boundary should show technical details when showDetails is true","status":"passed","title":"should show technical details when showDetails is true","duration":15.043860000000222,"failureMessages":[],"location":{"line":76,"column":5},"meta":{}},{"ancestorTitles":["ErrorBoundary","Page-level Error Boundary"],"fullName":"ErrorBoundary Page-level Error Boundary should render children when no error occurs","status":"passed","title":"should render children when no error occurs","duration":2.820255999999972,"failureMessages":[],"location":{"line":90,"column":5},"meta":{}},{"ancestorTitles":["ErrorBoundary","Page-level Error Boundary"],"fullName":"ErrorBoundary Page-level Error Boundary should catch and display page error fallback","status":"passed","title":"should catch and display page error fallback","duration":16.26081299999987,"failureMessages":[],"location":{"line":102,"column":5},"meta":{}},{"ancestorTitles":["ErrorBoundary","Page-level Error Boundary"],"fullName":"ErrorBoundary Page-level Error Boundary should show all action buttons for page errors","status":"passed","title":"should show all action buttons for page errors","duration":15.484418000000005,"failureMessages":[],"location":{"line":115,"column":5},"meta":{}},{"ancestorTitles":["ErrorBoundary","Page-level Error Boundary"],"fullName":"ErrorBoundary Page-level Error Boundary should show session ID","status":"passed","title":"should show session ID","duration":20.846902999999656,"failureMessages":[],"location":{"line":129,"column":5},"meta":{}},{"ancestorTitles":["ErrorBoundary","Page-level Error Boundary"],"fullName":"ErrorBoundary Page-level Error Boundary should show technical details when showDetails is true","status":"passed","title":"should show technical details when showDetails is true","duration":16.92864200000031,"failureMessages":[],"location":{"line":141,"column":5},"meta":{}},{"ancestorTitles":["ErrorBoundary","Retry Functionality"],"fullName":"ErrorBoundary Retry Functionality should retry and render component successfully when error is resolved","status":"passed","title":"should retry and render component successfully when error is resolved","duration":18.354477999999744,"failureMessages":[],"location":{"line":155,"column":5},"meta":{}},{"ancestorTitles":["ErrorBoundary","Retry Functionality"],"fullName":"ErrorBoundary Retry Functionality should track retry count","status":"passed","title":"should track retry count","duration":14.866610000000037,"failureMessages":[],"location":{"line":183,"column":5},"meta":{}},{"ancestorTitles":["ErrorBoundary","Retry Functionality"],"fullName":"ErrorBoundary Retry Functionality should stop showing retry button after max retries","status":"passed","title":"should stop showing retry button after max retries","duration":28.662737000000106,"failureMessages":[],"location":{"line":199,"column":5},"meta":{}},{"ancestorTitles":["ErrorBoundary","Custom Error Handler"],"fullName":"ErrorBoundary Custom Error Handler should call custom error handler when provided","status":"passed","title":"should call custom error handler when provided","duration":10.044696999999815,"failureMessages":[],"location":{"line":227,"column":5},"meta":{}},{"ancestorTitles":["ErrorBoundary","Custom Fallback"],"fullName":"ErrorBoundary Custom Fallback should render custom fallback when provided","status":"passed","title":"should render custom fallback when provided","duration":12.47089700000015,"failureMessages":[],"location":{"line":248,"column":5},"meta":{}},{"ancestorTitles":["ErrorBoundary","Error Logging"],"fullName":"ErrorBoundary Error Logging should log error details to console","status":"passed","title":"should log error details to console","duration":7.195799000000079,"failureMessages":[],"location":{"line":265,"column":5},"meta":{}},{"ancestorTitles":["ErrorBoundary","Accessibility"],"fullName":"ErrorBoundary Accessibility should have proper ARIA attributes for error messages","status":"passed","title":"should have proper ARIA attributes for error messages","duration":110.95748400000002,"failureMessages":[],"location":{"line":282,"column":5},"meta":{}},{"ancestorTitles":["ErrorBoundary","Accessibility"],"fullName":"ErrorBoundary Accessibility should be focusable for keyboard navigation","status":"passed","title":"should be focusable for keyboard navigation","duration":9.699309999999969,"failureMessages":[],"location":{"line":297,"column":5},"meta":{}},{"ancestorTitles":["ErrorBoundary","Development vs Production Behavior"],"fullName":"ErrorBoundary Development vs Production Behavior should show different UI based on environment","status":"passed","title":"should show different UI based on environment","duration":27.250739000000067,"failureMessages":[],"location":{"line":316,"column":5},"meta":{}},{"ancestorTitles":["ErrorBoundary","Integration with Error Context"],"fullName":"ErrorBoundary Integration with Error Context should work within ErrorProvider context","status":"passed","title":"should work within ErrorProvider context","duration":13.264643999999862,"failureMessages":[],"location":{"line":331,"column":5},"meta":{}},{"ancestorTitles":["Error Boundary Edge Cases"],"fullName":"Error Boundary Edge Cases should handle null/undefined children gracefully","status":"passed","title":"should handle null/undefined children gracefully","duration":1.6527399999999943,"failureMessages":[],"location":{"line":357,"column":3},"meta":{}},{"ancestorTitles":["Error Boundary Edge Cases"],"fullName":"Error Boundary Edge Cases should handle errors in error boundary itself gracefully","status":"passed","title":"should handle errors in error boundary itself gracefully","duration":8.159048999999868,"failureMessages":[],"location":{"line":370,"column":3},"meta":{}},{"ancestorTitles":["Error Boundary Edge Cases"],"fullName":"Error Boundary Edge Cases should not interfere with async operations that do not error","status":"passed","title":"should not interfere with async operations that do not error","duration":16.50465099999974,"failureMessages":[],"location":{"line":388,"column":3},"meta":{}}],"startTime":1755844820203,"endTime":1755844820660.5046,"status":"passed","message":"","name":"/home/ian/projects/reboot/src/components/__tests__/ErrorBoundary.test.tsx"},{"assertionResults":[{"ancestorTitles":["GlobalHeader","Rendering and Basic Functionality"],"fullName":"GlobalHeader Rendering and Basic Functionality renders the header with logo","status":"passed","title":"renders the header with logo","duration":86.19852300000002,"failureMessages":[],"location":{"line":26,"column":5},"meta":{}},{"ancestorTitles":["GlobalHeader","Rendering and Basic Functionality"],"fullName":"GlobalHeader Rendering and Basic Functionality renders desktop CTA button","status":"failed","title":"renders desktop CTA button","duration":99.26072100000056,"failureMessages":["AssertionError: expected [ <button …(1)>…(2)</button> ] to have a length of 2 but got 1\n    at Proxy.<anonymous> (file:///home/ian/projects/reboot/node_modules/@vitest/expect/dist/index.js:1257:20)\n    at Proxy.<anonymous> (file:///home/ian/projects/reboot/node_modules/@vitest/expect/dist/index.js:1029:14)\n    at Proxy.methodWrapper (file:///home/ian/projects/reboot/node_modules/chai/chai.js:1706:25)\n    at /home/ian/projects/reboot/src/components/__tests__/GlobalHeader.test.tsx:38:26\n    at file:///home/ian/projects/reboot/node_modules/@vitest/runner/dist/chunk-hooks.js:155:11\n    at file:///home/ian/projects/reboot/node_modules/@vitest/runner/dist/chunk-hooks.js:752:26\n    at file:///home/ian/projects/reboot/node_modules/@vitest/runner/dist/chunk-hooks.js:1897:20\n    at new Promise (<anonymous>)\n    at runWithTimeout (file:///home/ian/projects/reboot/node_modules/@vitest/runner/dist/chunk-hooks.js:1863:10)\n    at runTest (file:///home/ian/projects/reboot/node_modules/@vitest/runner/dist/chunk-hooks.js:1574:12)"],"location":{"line":33,"column":5},"meta":{}},{"ancestorTitles":["GlobalHeader","Rendering and Basic Functionality"],"fullName":"GlobalHeader Rendering and Basic Functionality calls onShowForm when CTA button is clicked","status":"passed","title":"calls onShowForm when CTA button is clicked","duration":36.95129900000029,"failureMessages":[],"location":{"line":47,"column":5},"meta":{}},{"ancestorTitles":["GlobalHeader","Rendering and Basic Functionality"],"fullName":"GlobalHeader Rendering and Basic Functionality shows dev navigation dropdown in development mode","status":"skipped","title":"shows dev navigation dropdown in development mode","failureMessages":[],"location":{"line":57,"column":8},"meta":{}},{"ancestorTitles":["GlobalHeader","Rendering and Basic Functionality"],"fullName":"GlobalHeader Rendering and Basic Functionality toggles dev dropdown when clicked","status":"skipped","title":"toggles dev dropdown when clicked","failureMessages":[],"location":{"line":64,"column":8},"meta":{}},{"ancestorTitles":["GlobalHeader","Sticky Header Behavior"],"fullName":"GlobalHeader Sticky Header Behavior has fixed positioning class","status":"failed","title":"has fixed positioning class","duration":20.99071300000014,"failureMessages":["Error: \u001b[2mexpect(\u001b[22m\u001b[31melement\u001b[39m\u001b[2m).toHaveClass(\u001b[22m\u001b[32m\u001b[32m\"fixed top-0 left-0 right-0 z-50\"\u001b[32m\u001b[39m\u001b[2m)\u001b[22m\n\nExpected the element to have class:\n\u001b[32m  fixed top-0 left-0 right-0 z-50\u001b[39m\nReceived:\n\u001b[31m  fixed top-0 left-0 right-0 z-[60] motion-safe:transition-all motion-reduce:transition-none motion-safe:duration-500 motion-reduce:duration-0 ease-out translate-y-0\u001b[39m\n    at Proxy.expectWrapper (file:///home/ian/projects/reboot/node_modules/@vitest/expect/dist/index.js:1745:12)\n    at Proxy.<anonymous> (file:///home/ian/projects/reboot/node_modules/@vitest/expect/dist/index.js:1029:14)\n    at Proxy.methodWrapper (file:///home/ian/projects/reboot/node_modules/chai/chai.js:1706:25)\n    at /home/ian/projects/reboot/src/components/__tests__/GlobalHeader.test.tsx:87:19\n    at file:///home/ian/projects/reboot/node_modules/@vitest/runner/dist/chunk-hooks.js:155:11\n    at file:///home/ian/projects/reboot/node_modules/@vitest/runner/dist/chunk-hooks.js:752:26\n    at file:///home/ian/projects/reboot/node_modules/@vitest/runner/dist/chunk-hooks.js:1897:20\n    at new Promise (<anonymous>)\n    at runWithTimeout (file:///home/ian/projects/reboot/node_modules/@vitest/runner/dist/chunk-hooks.js:1863:10)\n    at runTest (file:///home/ian/projects/reboot/node_modules/@vitest/runner/dist/chunk-hooks.js:1574:12)"],"location":{"line":83,"column":5},"meta":{}},{"ancestorTitles":["GlobalHeader","Sticky Header Behavior"],"fullName":"GlobalHeader Sticky Header Behavior changes background opacity on scroll","status":"failed","title":"changes background opacity on scroll","duration":12.762354999999843,"failureMessages":["Error: \u001b[2mexpect(\u001b[22m\u001b[31melement\u001b[39m\u001b[2m).toHaveClass(\u001b[22m\u001b[32m\u001b[32m\"bg-white/80\"\u001b[32m\u001b[39m\u001b[2m)\u001b[22m\n\nExpected the element to have class:\n\u001b[32m  bg-white/80\u001b[39m\nReceived:\n\u001b[31m  motion-safe:transition-all motion-reduce:transition-none motion-safe:duration-300 motion-reduce:duration-0 glass-card-light border-b border-white/30\u001b[39m\n    at Proxy.expectWrapper (file:///home/ian/projects/reboot/node_modules/@vitest/expect/dist/index.js:1745:12)\n    at Proxy.<anonymous> (file:///home/ian/projects/reboot/node_modules/@vitest/expect/dist/index.js:1029:14)\n    at Proxy.methodWrapper (file:///home/ian/projects/reboot/node_modules/chai/chai.js:1706:25)\n    at /home/ian/projects/reboot/src/components/__tests__/GlobalHeader.test.tsx:96:24\n    at file:///home/ian/projects/reboot/node_modules/@vitest/runner/dist/chunk-hooks.js:155:11\n    at file:///home/ian/projects/reboot/node_modules/@vitest/runner/dist/chunk-hooks.js:752:26\n    at file:///home/ian/projects/reboot/node_modules/@vitest/runner/dist/chunk-hooks.js:1897:20\n    at new Promise (<anonymous>)\n    at runWithTimeout (file:///home/ian/projects/reboot/node_modules/@vitest/runner/dist/chunk-hooks.js:1863:10)\n    at runTest (file:///home/ian/projects/reboot/node_modules/@vitest/runner/dist/chunk-hooks.js:1574:12)"],"location":{"line":90,"column":5},"meta":{}},{"ancestorTitles":["GlobalHeader","Sticky Header Behavior"],"fullName":"GlobalHeader Sticky Header Behavior adds shadow and border on scroll","status":"failed","title":"adds shadow and border on scroll","duration":11.490246000000297,"failureMessages":["Error: \u001b[2mexpect(\u001b[22m\u001b[31melement\u001b[39m\u001b[2m).toHaveClass(\u001b[22m\u001b[32m\u001b[32m\"border-white/20\"\u001b[32m\u001b[39m\u001b[2m)\u001b[22m\n\nExpected the element to have class:\n\u001b[32m  border-white/20\u001b[39m\nReceived:\n\u001b[31m  motion-safe:transition-all motion-reduce:transition-none motion-safe:duration-300 motion-reduce:duration-0 glass-card-light border-b border-white/30\u001b[39m\n    at Proxy.expectWrapper (file:///home/ian/projects/reboot/node_modules/@vitest/expect/dist/index.js:1745:12)\n    at Proxy.<anonymous> (file:///home/ian/projects/reboot/node_modules/@vitest/expect/dist/index.js:1029:14)\n    at Proxy.methodWrapper (file:///home/ian/projects/reboot/node_modules/chai/chai.js:1706:25)\n    at /home/ian/projects/reboot/src/components/__tests__/GlobalHeader.test.tsx:113:24\n    at file:///home/ian/projects/reboot/node_modules/@vitest/runner/dist/chunk-hooks.js:155:11\n    at file:///home/ian/projects/reboot/node_modules/@vitest/runner/dist/chunk-hooks.js:752:26\n    at file:///home/ian/projects/reboot/node_modules/@vitest/runner/dist/chunk-hooks.js:1897:20\n    at new Promise (<anonymous>)\n    at runWithTimeout (file:///home/ian/projects/reboot/node_modules/@vitest/runner/dist/chunk-hooks.js:1863:10)\n    at runTest (file:///home/ian/projects/reboot/node_modules/@vitest/runner/dist/chunk-hooks.js:1574:12)"],"location":{"line":107,"column":5},"meta":{}},{"ancestorTitles":["GlobalHeader","Progress Bar"],"fullName":"GlobalHeader Progress Bar does not show progress bar when showProgressBar is false","status":"passed","title":"does not show progress bar when showProgressBar is false","duration":11.03845900000033,"failureMessages":[],"location":{"line":126,"column":5},"meta":{}},{"ancestorTitles":["GlobalHeader","Progress Bar"],"fullName":"GlobalHeader Progress Bar shows progress bar when showProgressBar is true","status":"passed","title":"shows progress bar when showProgressBar is true","duration":14.388731999999436,"failureMessages":[],"location":{"line":133,"column":5},"meta":{}},{"ancestorTitles":["GlobalHeader","Progress Bar"],"fullName":"GlobalHeader Progress Bar updates progress bar width on scroll","status":"passed","title":"updates progress bar width on scroll","duration":43.468519000000015,"failureMessages":[],"location":{"line":142,"column":5},"meta":{}},{"ancestorTitles":["GlobalHeader","Progress Bar"],"fullName":"GlobalHeader Progress Bar applies correct gradient based on route","status":"passed","title":"applies correct gradient based on route","duration":11.62169300000005,"failureMessages":[],"location":{"line":170,"column":5},"meta":{}},{"ancestorTitles":["GlobalHeader","Mobile Navigation"],"fullName":"GlobalHeader Mobile Navigation renders mobile CTA ribbon at bottom","status":"failed","title":"renders mobile CTA ribbon at bottom","duration":11.159163000000262,"failureMessages":["Error: \u001b[2mexpect(\u001b[22m\u001b[31mreceived\u001b[39m\u001b[2m).toBeInTheDocument()\u001b[22m\n\n\u001b[31mreceived\u001b[39m value must be an HTMLElement or an SVGElement.\nReceived has type:  Null\nReceived has value: \u001b[31mnull\u001b[39m\n    at Proxy.expectWrapper (file:///home/ian/projects/reboot/node_modules/@vitest/expect/dist/index.js:1734:36)\n    at Proxy.<anonymous> (file:///home/ian/projects/reboot/node_modules/@vitest/expect/dist/index.js:1029:14)\n    at Proxy.methodWrapper (file:///home/ian/projects/reboot/node_modules/chai/chai.js:1706:25)\n    at /home/ian/projects/reboot/src/components/__tests__/GlobalHeader.test.tsx:187:25\n    at file:///home/ian/projects/reboot/node_modules/@vitest/runner/dist/chunk-hooks.js:155:11\n    at file:///home/ian/projects/reboot/node_modules/@vitest/runner/dist/chunk-hooks.js:752:26\n    at file:///home/ian/projects/reboot/node_modules/@vitest/runner/dist/chunk-hooks.js:1897:20\n    at new Promise (<anonymous>)\n    at runWithTimeout (file:///home/ian/projects/reboot/node_modules/@vitest/runner/dist/chunk-hooks.js:1863:10)\n    at runTest (file:///home/ian/projects/reboot/node_modules/@vitest/runner/dist/chunk-hooks.js:1574:12)"],"location":{"line":183,"column":5},"meta":{}},{"ancestorTitles":["GlobalHeader","Mobile Navigation"],"fullName":"GlobalHeader Mobile Navigation mobile CTA calls onShowForm when clicked","status":"passed","title":"mobile CTA calls onShowForm when clicked","duration":30.61890299999959,"failureMessages":[],"location":{"line":191,"column":5},"meta":{}},{"ancestorTitles":["GlobalHeader","Mobile Navigation"],"fullName":"GlobalHeader Mobile Navigation mobile ribbon has proper backdrop blur and shadow","status":"failed","title":"mobile ribbon has proper backdrop blur and shadow","duration":12.766226000000643,"failureMessages":["Error: \u001b[2mexpect(\u001b[22m\u001b[31mreceived\u001b[39m\u001b[2m).toHaveClass()\u001b[22m\n\n\u001b[31mreceived\u001b[39m value must be an HTMLElement or an SVGElement.\nReceived has type:  Null\nReceived has value: \u001b[31mnull\u001b[39m\n    at Proxy.expectWrapper (file:///home/ian/projects/reboot/node_modules/@vitest/expect/dist/index.js:1734:36)\n    at Proxy.<anonymous> (file:///home/ian/projects/reboot/node_modules/@vitest/expect/dist/index.js:1029:14)\n    at Proxy.methodWrapper (file:///home/ian/projects/reboot/node_modules/chai/chai.js:1706:25)\n    at /home/ian/projects/reboot/src/components/__tests__/GlobalHeader.test.tsx:206:30\n    at file:///home/ian/projects/reboot/node_modules/@vitest/runner/dist/chunk-hooks.js:155:11\n    at file:///home/ian/projects/reboot/node_modules/@vitest/runner/dist/chunk-hooks.js:752:26\n    at file:///home/ian/projects/reboot/node_modules/@vitest/runner/dist/chunk-hooks.js:1897:20\n    at new Promise (<anonymous>)\n    at runWithTimeout (file:///home/ian/projects/reboot/node_modules/@vitest/runner/dist/chunk-hooks.js:1863:10)\n    at runTest (file:///home/ian/projects/reboot/node_modules/@vitest/runner/dist/chunk-hooks.js:1574:12)"],"location":{"line":202,"column":5},"meta":{}},{"ancestorTitles":["GlobalHeader","Accessibility"],"fullName":"GlobalHeader Accessibility logo link is keyboard accessible","status":"passed","title":"logo link is keyboard accessible","duration":38.513441999999486,"failureMessages":[],"location":{"line":211,"column":5},"meta":{}},{"ancestorTitles":["GlobalHeader","Accessibility"],"fullName":"GlobalHeader Accessibility dev dropdown closes when clicking outside","status":"skipped","title":"dev dropdown closes when clicking outside","failureMessages":[],"location":{"line":219,"column":8},"meta":{}},{"ancestorTitles":["GlobalHeader","Production Mode"],"fullName":"GlobalHeader Production Mode does not show dev navigation in production mode","status":"skipped","title":"does not show dev navigation in production mode","failureMessages":[],"location":{"line":239,"column":8},"meta":{}},{"ancestorTitles":["GlobalHeader","Header Spacing Issues"],"fullName":"GlobalHeader Header Spacing Issues header has appropriate padding for different screen sizes","status":"failed","title":"header has appropriate padding for different screen sizes","duration":11.218646000000263,"failureMessages":["Error: \u001b[2mexpect(\u001b[22m\u001b[31melement\u001b[39m\u001b[2m).toHaveClass(\u001b[22m\u001b[32m\u001b[32m\"py-3 sm:py-4\"\u001b[32m\u001b[39m\u001b[2m)\u001b[22m\n\nExpected the element to have class:\n\u001b[32m  py-3 sm:py-4\u001b[39m\nReceived:\n\u001b[31m  flex justify-between items-center h-16 sm:h-18\u001b[39m\n    at Proxy.expectWrapper (file:///home/ian/projects/reboot/node_modules/@vitest/expect/dist/index.js:1745:12)\n    at Proxy.<anonymous> (file:///home/ian/projects/reboot/node_modules/@vitest/expect/dist/index.js:1029:14)\n    at Proxy.methodWrapper (file:///home/ian/projects/reboot/node_modules/chai/chai.js:1706:25)\n    at /home/ian/projects/reboot/src/components/__tests__/GlobalHeader.test.tsx:254:27\n    at file:///home/ian/projects/reboot/node_modules/@vitest/runner/dist/chunk-hooks.js:155:11\n    at file:///home/ian/projects/reboot/node_modules/@vitest/runner/dist/chunk-hooks.js:752:26\n    at file:///home/ian/projects/reboot/node_modules/@vitest/runner/dist/chunk-hooks.js:1897:20\n    at new Promise (<anonymous>)\n    at runWithTimeout (file:///home/ian/projects/reboot/node_modules/@vitest/runner/dist/chunk-hooks.js:1863:10)\n    at runTest (file:///home/ian/projects/reboot/node_modules/@vitest/runner/dist/chunk-hooks.js:1574:12)"],"location":{"line":247,"column":5},"meta":{}},{"ancestorTitles":["GlobalHeader","Header Spacing Issues"],"fullName":"GlobalHeader Header Spacing Issues ensures sufficient space for content below header","status":"passed","title":"ensures sufficient space for content below header","duration":9.264235999999983,"failureMessages":[],"location":{"line":257,"column":5},"meta":{}}],"startTime":1755844823310,"endTime":1755844823773.2642,"status":"failed","message":"","name":"/home/ian/projects/reboot/src/components/__tests__/GlobalHeader.test.tsx"},{"assertionResults":[{"ancestorTitles":["LeadForm","Form Rendering"],"fullName":"LeadForm Form Rendering does not render when showDropdownForm is false","status":"failed","title":"does not render when showDropdownForm is false","duration":38.64238599999953,"failureMessages":["AssertionError: expected <div><button …(1)></button></div> to be null\n    at /home/ian/projects/reboot/src/components/__tests__/LeadForm.test.tsx:47:36\n    at file:///home/ian/projects/reboot/node_modules/@vitest/runner/dist/chunk-hooks.js:155:11\n    at file:///home/ian/projects/reboot/node_modules/@vitest/runner/dist/chunk-hooks.js:752:26\n    at file:///home/ian/projects/reboot/node_modules/@vitest/runner/dist/chunk-hooks.js:1897:20\n    at new Promise (<anonymous>)\n    at runWithTimeout (file:///home/ian/projects/reboot/node_modules/@vitest/runner/dist/chunk-hooks.js:1863:10)\n    at runTest (file:///home/ian/projects/reboot/node_modules/@vitest/runner/dist/chunk-hooks.js:1574:12)\n    at runSuite (file:///home/ian/projects/reboot/node_modules/@vitest/runner/dist/chunk-hooks.js:1729:8)\n    at runSuite (file:///home/ian/projects/reboot/node_modules/@vitest/runner/dist/chunk-hooks.js:1729:8)\n    at runSuite (file:///home/ian/projects/reboot/node_modules/@vitest/runner/dist/chunk-hooks.js:1729:8)"],"location":{"line":45,"column":5},"meta":{}},{"ancestorTitles":["LeadForm","Form Rendering"],"fullName":"LeadForm Form Rendering renders modal when form is shown","status":"failed","title":"renders modal when form is shown","duration":53.645448000000215,"failureMessages":["TestingLibraryElementError: Unable to find an element with the text: /Is Your Marketing.*Keeping You.*Up at Night/. This could be because the text is broken up by multiple elements. In this case, you can provide a function for your text matcher to make your matcher more flexible.\n\nIgnored nodes: comments, script, style\n\u001b[36m<body>\u001b[39m\n  \u001b[36m<div>\u001b[39m\n    \u001b[36m<div>\u001b[39m\n      \u001b[36m<button\u001b[39m\n        \u001b[33mdata-testid\u001b[39m=\u001b[32m\"show-form\"\u001b[39m\n      \u001b[36m>\u001b[39m\n        \u001b[0mShow Form\u001b[0m\n      \u001b[36m</button>\u001b[39m\n      \u001b[36m<div\u001b[39m\n        \u001b[33mclass\u001b[39m=\u001b[32m\"fixed inset-0 modal-backdrop-dark z-[60] flex items-start justify-center pt-4 md:pt-10 px-4\"\u001b[39m\n      \u001b[36m>\u001b[39m\n        \u001b[36m<div\u001b[39m\n          \u001b[33mclass\u001b[39m=\u001b[32m\"bg-white rounded-3xl shadow-2xl max-w-2xl w-full flex flex-col relative\"\u001b[39m\n          \u001b[33mstyle\u001b[39m=\u001b[32m\"max-height: 92vh;\"\u001b[39m\n        \u001b[36m>\u001b[39m\n          \u001b[36m<div\u001b[39m\n            \u001b[33mclass\u001b[39m=\u001b[32m\"absolute top-4 right-4 z-10\"\u001b[39m\n          \u001b[36m>\u001b[39m\n            \u001b[36m<button\u001b[39m\n              \u001b[33mclass\u001b[39m=\u001b[32m\"w-10 h-10 rounded-full bg-white/90 hover:bg-white focus-visible:bg-white shadow-lg flex items-center justify-center motion-safe:transition-all motion-reduce:transition-none\"\u001b[39m\n            \u001b[36m>\u001b[39m\n              \u001b[36m<svg\u001b[39m\n                \u001b[33mclass\u001b[39m=\u001b[32m\"w-6 h-6 text-gray-600\"\u001b[39m\n                \u001b[33mfill\u001b[39m=\u001b[32m\"none\"\u001b[39m\n                \u001b[33mstroke\u001b[39m=\u001b[32m\"currentColor\"\u001b[39m\n                \u001b[33mviewBox\u001b[39m=\u001b[32m\"0 0 24 24\"\u001b[39m\n              \u001b[36m>\u001b[39m\n                \u001b[36m<path\u001b[39m\n                  \u001b[33md\u001b[39m=\u001b[32m\"M6 18L18 6M6 6l12 12\"\u001b[39m\n                  \u001b[33mstroke-linecap\u001b[39m=\u001b[32m\"round\"\u001b[39m\n                  \u001b[33mstroke-linejoin\u001b[39m=\u001b[32m\"round\"\u001b[39m\n                  \u001b[33mstroke-width\u001b[39m=\u001b[32m\"2\"\u001b[39m\n                \u001b[36m/>\u001b[39m\n              \u001b[36m</svg>\u001b[39m\n            \u001b[36m</button>\u001b[39m\n          \u001b[36m</div>\u001b[39m\n          \u001b[36m<div\u001b[39m\n            \u001b[33mclass\u001b[39m=\u001b[32m\"p-4 md:p-6 overflow-y-auto\"\u001b[39m\n            \u001b[33mstyle\u001b[39m=\u001b[32m\"scrollbar-width: thin; scrollbar-color: #CBD5E0 transparent;\"\u001b[39m\n          \u001b[36m>\u001b[39m\n            \u001b[36m<div\u001b[39m\n              \u001b[33maria-current\u001b[39m=\u001b[32m\"step\"\u001b[39m\n              \u001b[33maria-label\u001b[39m=\u001b[32m\"Step 1 of form\"\u001b[39m\n              \u001b[33mclass\u001b[39m=\u001b[32m\"text-center\"\u001b[39m\n            \u001b[36m>\u001b[39m\n              \u001b[36m<h3\u001b[39m\n                \u001b[33mclass\u001b[39m=\u001b[32m\"text-2xl font-black replace-text-slate-900 mb-4\"\u001b[39m\n              \u001b[36m>\u001b[39m\n                \u001b[0mIs Your Marketing \u001b[0m\n                \u001b[36m<span\u001b[39m\n                  \u001b[33mclass\u001b[39m=\u001b[32m\"text-orange-500\"\u001b[39m\n                \u001b[36m>\u001b[39m\n                  \u001b[0mKeeping You\u001b[0m\n                \u001b[36m</span>\u001b[39m\n                \u001b[0m Up at Night?\u001b[0m\n              \u001b[36m</h3>\u001b[39m\n              \u001b[36m<p\u001b[39m\n                \u001b[33mclass\u001b[39m=\u001b[32m\"text-gray-600 mb-8\"\u001b[39m\n              \u001b[36m>\u001b[39m\n                \u001b[0mYou're not alone. 87% of growth-stage companies struggle with the same marketing challenges.\u001b[0m\n              \u001b[36m</p>\u001b[39m\n              \u001b[36m<div\u001b[39m\n                \u001b[33mclass\u001b[39m=\u001b[32m\"space-y-3 mb-8\"\u001b[39m\n              \u001b[36m>\u001b[39m\n                \u001b[36m<label\u001b[39m\n                  \u001b[33mclass\u001b[39m=\u001b[32m\"flex items-start text-left p-4 bg-gray-50 rounded-xl hover:bg-gray-100 focus-visible:bg-gray-100 cursor-pointer transition-colors\"\u001b[39m\n                \u001b[36m>\u001b[39m\n                  \u001b[36m<input\u001b[39m\n                    \u001b[33mclass\u001b[39m=\u001b[32m\"mt-1 mr-3 w-5 h-5\"\u001b[39m\n                    \u001b[33mtype\u001b[39m=\u001b[32m\"checkbox\"\u001b[39m\n                  \u001b[36m/>\u001b[39m\n                  \u001b[36m<span\u001b[39m\n                    \u001b[33mclass\u001b[39m=\u001b[32m\"text-gray-700\"\u001b[39m\n                  \u001b[36m>\u001b[39m\n                    \u001b[36m<strong>\u001b[39m\n                      \u001b[0mMarketing isn't working\u001b[0m\n                    \u001b[36m</strong>\u001b[39m\n                    \u001b[0m - You're spending money but not seeing results\u001b[0m\n                  \u001b[36m</span>\u001b[39m\n                \u001b[36m</label>\u001b[39m\n                \u001b[36m<label\u001b[39m\n                  \u001b[33mclass\u001b[39m=\u001b[32m\"flex items-start text-left p-4 bg-gray-50 rounded-xl hover:bg-gray-100 focus-visible:bg-gray-100 cursor-pointer transition-colors\"\u001b[39m\n                \u001b[36m>\u001b[39m\n                  \u001b[36m<input\u001b[39m\n                    \u001b[33mclass\u001b[39m=\u001b[32m\"mt-1 mr-3 w-5 h-5\"\u001b[39m\n                    \u001b[33mtype\u001b[39m=\u001b[32m\"checkbox\"\u001b[39m\n                  \u001b[36m/>\u001b[39m\n                  \u001b[36m<span\u001b[39m\n                    \u001b[33mclass\u001b[39m=\u001b[32m\"text-gray-700\"\u001b[39m\n                  \u001b[36m>\u001b[39m\n                    \u001b[36m<strong>\u001b[39m\n                      \u001b[0mHit a growth plateau\u001b[0m\n                    \u001b[36m</strong>\u001b[39m\n                    \u001b[0m - What worked before isn't working anymore\u001b[0m\n                  \u001b[36m</span>\u001b[39m\n                \u001b[36m</label>\u001b[39m\n                \u001b[36m<label\u001b[39m\n                  \u001b[33mclass\u001b[39m=\u001b[32m\"flex items-start text-left p-4 bg-gray-50 rounded-xl hover:bg-gray-100 focus-visible:bg-gray-100 cursor-pointer transition-colors\"\u001b[39m\n                \u001b[36m>\u001b[39m\n                  \u001b[36m<input\u001b[39m\n                    \u001b[33mclass\u001b[39m=\u001b[32m\"mt-1 mr-3 w-5 h-5\"\u001b[39m\n                    \u001b[33mtype\u001b[39m=\u001b[32m\"checkbox\"\u001b[39m\n                  \u001b[36m/>\u001b[39m\n                  \u001b[36m<span\u001b[39m\n                    \u001b[33mclass\u001b[39m=\u001b[32m\"text-gray-700\"\u001b[39m\n                  \u001b[36m>\u001b[39m\n                    \u001b[36m<strong>\u001b[39m\n                      \u001b[0mLosing to competition\u001b[0m\n                    \u001b[36m</strong>\u001b[39m\n                    \u001b[0m - Competitors are growing while you're stuck\u001b[0m\n                  \u001b[36m</span>\u001b[39m\n                \u001b[36m</label>\u001b[39m\n                \u001b[36m<label\u001b[39m\n                  \u001b[33mclass\u001b[39m=\u001b[32m\"flex items-start text-left p-4 bg-gray-50 rounded-xl hover:bg-gray-100 focus-visible:bg-gray-100 cursor-pointer transition-colors\"\u001b[39m\n                \u001b[36m>\u001b[39m\n                  \u001b[36m<input\u001b[39m\n                    \u001b[33mclass\u001b[39m=\u001b[32m\"mt-1 mr-3 w-5 h-5\"\u001b[39m\n                    \u001b[33mtype\u001b[39m=\u001b[32m\"checkbox\"\u001b[39m\n                  \u001b[36m/>\u001b[39m\n                  \u001b[36m<span\u001b[39m\n                    \u001b[33mclass\u001b[39m=\u001b[32m\"text-gray-700\"\u001b[39m\n                  \u001b[36m>\u001b[39m\n                    \u001b[36m<strong>\u001b[39m\n                      \u001b[0mNo clear strategy\u001b[0m\n                    \u001b[36m</strong>\u001b[39m\n                    \u001b[0m - You're trying everything but nothing sticks\u001b[0m\n                  \u001b[36m</span>\u001b[39m\n                \u001b[36m</label>\u001b[39m\n              \u001b[36m</div>\u001b[39m\n              \u001b[36m<button\u001b[39m\n                \u001b[33mclass\u001b[39m=\u001b[32m\"bg-gradient-to-r from-orange-500 to-orange-600 hover:from-orange-600 focus-visible:from-orange-600 hover:to-orange-700 focus-visible:to-orange-700 text-white px-8 py-4 rounded-xl font-bold text-lg motion-safe:transition-all motion-reduce:transition-none motion-safe:duration-300 motion-reduce:duration-0 motion-safe:transform motion-safe:hover:scale-105 motion-reduce:transform-none motion-safe:focus-visible:scale-105 motion-reduce:transform-none shadow-xl\"\u001b[39m\n              \u001b[36m>\u001b[39m\n                \u001b[0mYes, I Need Help With This →\u001b[0m\n              \u001b[36m</button>\u001b[39m\n              \u001b[36m<p\u001b[39m\n                \u001b[33mclass\u001b[39m=\u001b[32m\"text-gray-500 text-sm mt-6\"\u001b[39m\n              \u001b[36m>\u001b[39m\n                \u001b[0mTakes 60 seconds • No sales pressure • Get real solutions\u001b[0m\n              \u001b[36m</p>\u001b[39m\n            \u001b[36m</div>\u001b[39m\n          \u001b[36m</div>\u001b[39m\n        \u001b[36m</div>\u001b[39m\n      \u001b[36m</div>\u001b[39m\n    \u001b[36m</div>\u001b[39m\n  \u001b[36m</div>\u001b[39m\n\u001b[36m</body>\u001b[39m\n    at Object.getElementError (/home/ian/projects/reboot/node_modules/@testing-library/dom/dist/config.js:37:19)\n    at /home/ian/projects/reboot/node_modules/@testing-library/dom/dist/query-helpers.js:76:38\n    at /home/ian/projects/reboot/node_modules/@testing-library/dom/dist/query-helpers.js:52:17\n    at /home/ian/projects/reboot/node_modules/@testing-library/dom/dist/query-helpers.js:95:19\n    at /home/ian/projects/reboot/src/components/__tests__/LeadForm.test.tsx:56:21\n    at file:///home/ian/projects/reboot/node_modules/@vitest/runner/dist/chunk-hooks.js:155:11\n    at file:///home/ian/projects/reboot/node_modules/@vitest/runner/dist/chunk-hooks.js:752:26\n    at file:///home/ian/projects/reboot/node_modules/@vitest/runner/dist/chunk-hooks.js:1897:20\n    at new Promise (<anonymous>)\n    at runWithTimeout (file:///home/ian/projects/reboot/node_modules/@vitest/runner/dist/chunk-hooks.js:1863:10)"],"location":{"line":50,"column":5},"meta":{}},{"ancestorTitles":["LeadForm","Form Rendering"],"fullName":"LeadForm Form Rendering displays all form steps","status":"failed","title":"displays all form steps","duration":25.18624499999987,"failureMessages":["TestingLibraryElementError: Unable to find an element with the text: /Is Your Marketing.*Keeping You.*Up at Night/. This could be because the text is broken up by multiple elements. In this case, you can provide a function for your text matcher to make your matcher more flexible.\n\nIgnored nodes: comments, script, style\n\u001b[36m<body>\u001b[39m\n  \u001b[36m<div>\u001b[39m\n    \u001b[36m<div>\u001b[39m\n      \u001b[36m<button\u001b[39m\n        \u001b[33mdata-testid\u001b[39m=\u001b[32m\"show-form\"\u001b[39m\n      \u001b[36m>\u001b[39m\n        \u001b[0mShow Form\u001b[0m\n      \u001b[36m</button>\u001b[39m\n      \u001b[36m<div\u001b[39m\n        \u001b[33mclass\u001b[39m=\u001b[32m\"fixed inset-0 modal-backdrop-dark z-[60] flex items-start justify-center pt-4 md:pt-10 px-4\"\u001b[39m\n      \u001b[36m>\u001b[39m\n        \u001b[36m<div\u001b[39m\n          \u001b[33mclass\u001b[39m=\u001b[32m\"bg-white rounded-3xl shadow-2xl max-w-2xl w-full flex flex-col relative\"\u001b[39m\n          \u001b[33mstyle\u001b[39m=\u001b[32m\"max-height: 92vh;\"\u001b[39m\n        \u001b[36m>\u001b[39m\n          \u001b[36m<div\u001b[39m\n            \u001b[33mclass\u001b[39m=\u001b[32m\"absolute top-4 right-4 z-10\"\u001b[39m\n          \u001b[36m>\u001b[39m\n            \u001b[36m<button\u001b[39m\n              \u001b[33mclass\u001b[39m=\u001b[32m\"w-10 h-10 rounded-full bg-white/90 hover:bg-white focus-visible:bg-white shadow-lg flex items-center justify-center motion-safe:transition-all motion-reduce:transition-none\"\u001b[39m\n            \u001b[36m>\u001b[39m\n              \u001b[36m<svg\u001b[39m\n                \u001b[33mclass\u001b[39m=\u001b[32m\"w-6 h-6 text-gray-600\"\u001b[39m\n                \u001b[33mfill\u001b[39m=\u001b[32m\"none\"\u001b[39m\n                \u001b[33mstroke\u001b[39m=\u001b[32m\"currentColor\"\u001b[39m\n                \u001b[33mviewBox\u001b[39m=\u001b[32m\"0 0 24 24\"\u001b[39m\n              \u001b[36m>\u001b[39m\n                \u001b[36m<path\u001b[39m\n                  \u001b[33md\u001b[39m=\u001b[32m\"M6 18L18 6M6 6l12 12\"\u001b[39m\n                  \u001b[33mstroke-linecap\u001b[39m=\u001b[32m\"round\"\u001b[3
[...]
  Name \"\":\n  \u001b[36m<p\u001b[39m\n    \u001b[33mclass\u001b[39m=\u001b[32m\"text-xl text-orange-100 mb-8 max-w-2xl mx-auto\"\u001b[39m\n  \u001b[36m/>\u001b[39m\n\n  --------------------------------------------------\n  link:\n\n  Name \"Connect on LinkedIn\":\n  \u001b[36m<a\u001b[39m\n    \u001b[33mclass\u001b[39m=\u001b[32m\"inline-flex items-center px-4 py-2 bg-blue-600 hover:bg-blue-700 focus-visible:bg-blue-700 text-white rounded-lg transition-colors\"\u001b[39m\n    \u001b[33mhref\u001b[39m=\u001b[32m\"https://www.linkedin.com/in/ian-ho/\"\u001b[39m\n    \u001b[33mrel\u001b[39m=\u001b[32m\"noopener noreferrer\"\u001b[39m\n    \u001b[33mtarget\u001b[39m=\u001b[32m\"_blank\"\u001b[39m\n  \u001b[36m/>\u001b[39m\n\n  Name \"Privacy protected\":\n  \u001b[36m<a\u001b[39m\n    \u001b[33mclass\u001b[39m=\u001b[32m\"transparent-link\"\u001b[39m\n    \u001b[33mhref\u001b[39m=\u001b[32m\"/privacy\"\u001b[39m\n  \u001b[36m/>\u001b[39m\n\n  --------------------------------------------------\n  button:\n\n  Name \"Opens contact form for free marketing analysis\":\n  \u001b[36m<button\u001b[39m\n    \u001b[33maria-label\u001b[39m=\u001b[32m\"Opens contact form for free marketing analysis\"\u001b[39m\n    \u001b[33mclass\u001b[39m=\u001b[32m\"inline-block px-8 py-4 bg-white text-orange-accessible font-semibold rounded-xl hover:bg-gray-50 focus-visible:bg-gray-50 transition-colors text-lg\"\u001b[39m\n  \u001b[36m/>\u001b[39m\n\n  --------------------------------------------------\n\nIgnored nodes: comments, script, style\n\u001b[36m<body>\u001b[39m\n  \u001b[36m<div>\u001b[39m\n    \u001b[36m<div\u001b[39m\n      \u001b[33mclass\u001b[39m=\u001b[32m\"about-page min-h-screen relative overflow-hidden dark:from-slate-900 dark:via-blue-900 dark:to-indigo-900\"\u001b[39m\n    \u001b[36m>\u001b[39m\n      \u001b[36m<div\u001b[39m\n        \u001b[33maria-atomic\u001b[39m=\u001b[32m\"true\"\u001b[39m\n        \u001b[33maria-live\u001b[39m=\u001b[32m\"polite\"\u001b[39m\n        \u001b[33mclass\u001b[39m=\u001b[32m\"sr-only\"\u001b[39m\n        \u001b[33mid\u001b[39m=\u001b[32m\"status-announcer\"\u001b[39m\n      \u001b[36m>\u001b[39m\n        \u001b[36m<span\u001b[39m\n          \u001b[33mclass\u001b[39m=\u001b[32m\"sr-only\"\u001b[39m\n        \u001b[36m>\u001b[39m\n          \u001b[0mContent loaded successfully\u001b[0m\n        \u001b[36m</span>\u001b[39m\n      \u001b[36m</div>\u001b[39m\n      \u001b[36m<div\u001b[39m\n        \u001b[33mdata-testid\u001b[39m=\u001b[32m\"background-gradient\"\u001b[39m\n      \u001b[36m>\u001b[39m\n        \u001b[0mBackgroundGradient\u001b[0m\n      \u001b[36m</div>\u001b[39m\n      \u001b[36m<div\u001b[39m\n        \u001b[33mclass\u001b[39m=\u001b[32m\"relative z-10\"\u001b[39m\n      \u001b[36m>\u001b[39m\n        \u001b[36m<div\u001b[39m\n          \u001b[33mdata-progress-bar\u001b[39m=\u001b[32m\"true\"\u001b[39m\n          \u001b[33mdata-testid\u001b[39m=\u001b[32m\"global-header\"\u001b[39m\n        \u001b[36m>\u001b[39m\n          \u001b[0mGlobalHeader\u001b[0m\n        \u001b[36m</div>\u001b[39m\n        \u001b[36m<div\u001b[39m\n          \u001b[33mclass\u001b[39m=\u001b[32m\"pt-20 md:pt-24 pb-8\"\u001b[39m\n        \u001b[36m>\u001b[39m\n          \u001b[36m<div\u001b[39m\n            \u001b[33mclass\u001b[39m=\u001b[32m\"max-w-6xl mx-auto px-4 sm:px-6 lg:px-8\"\u001b[39m\n          \u001b[36m>\u001b[39m\n            \u001b[36m<div\u001b[39m\n              \u001b[33mclass\u001b[39m=\u001b[32m\"text-center mb-8\"\u001b[39m\n            \u001b[36m>\u001b[39m\n              \u001b[36m<h1\u001b[39m\n                \u001b[33mclass\u001b[39m=\u001b[32m\"heading-hero text-gradient-critical mb-6\"\u001b[39m\n              \u001b[36m>\u001b[39m\n                \u001b[0mAbout Reboot Media\u001b[0m\n              \u001b[36m</h1>\u001b[39m\n              \u001b[36m<p\u001b[39m\n                \u001b[33mclass\u001b[39m=\u001b[32m\"text-xl text-gradient-critical max-w-3xl mx-auto leading-relaxed text-shadow-sm\"\u001b[39m\n              \u001b[36m>\u001b[39m\n                \u001b[0mFractional CMO services with proven C-level executive experience from Fortune 500 companies. We don't just give advice – we deliver battle-tested strategies that drive measurable growth.\u001b[0m\n              \u001b[36m</p>\u001b[39m\n            \u001b[36m</div>\u001b[39m\n            \u001b[36m<div\u001b[39m\n              \u001b[33mclass\u001b[39m=\u001b[32m\"glass-card-light rounded-2xl shadow-xl border border-white/20 dark:border-slate-700/20 p-6 sm:p-8 mb-8 relative overflow-hidden\"\u001b[39m\n            \u001b[36m>\u001b[39m\n              \u001b[36m<div\u001b[39m\n                \u001b[33mclass\u001b[39m=\u001b[32m\"absolute inset-0 bg-white/10 dark:bg-black/10\"\u001b[39m\n              \u001b[36m/>\u001b[39m\n              \u001b[36m<div\u001b[39m\n                \u001b[33mclass\u001b[39m=\u001b[32m\"relative z-10\"\u001b[39m\n              \u001b[36m>\u001b[39m\n                \u001b[36m<h2\u001b[39m\n                  \u001b[33mclass\u001b[39m=\u001b[32m\"heading-xl text-gradient-critical mb-6\"\u001b[39m\n                \u001b[36m>\u001b[39m\n                  \u001b[0mOur Story\u001b[0m\n                \u001b[36m</h2>\u001b[39m\n                \u001b[36m<div\u001b[39m\n                  \u001b[33mclass\u001b[39m=\u001b[32m\"grid lg:grid-cols-2 gap-8 items-center\"\u001b[39m\n                \u001b[36m>\u001b[39m\n                  \u001b[36m<div\u001b[39m\n                    \u001b[33mclass\u001b[39m=\u001b[32m\"space-y-4 text-black-standard dark:text-gradient-safe\"\u001b[39m\n                  \u001b[36m>\u001b[39m\n                    \u001b[36m<p\u001b[39m\n                      \u001b[33mclass\u001b[39m=\u001b[32m\"text-lg leading-relaxed text-shadow-sm\"\u001b[39m\n                    \u001b[36m>\u001b[39m\n                      \u001b[0mFounded in 2020, Reboot Media was born from a simple realization: most growing companies struggle with marketing not because they lack resources, but because they lack proven strategic leadership.\u001b[0m\n                    \u001b[36m</p>\u001b[39m\n                    \u001b[36m<p\u001b[39m\n                      \u001b[33mclass\u001b[39m=\u001b[32m\"text-shadow-sm\"\u001b[39m\n                    \u001b[36m>\u001b[39m\n                      \u001b[0mAfter managing $2B+ in revenue across 20+ US companies and guiding Fortune 500 marketing strategies, our founder saw the same patterns repeatedly – talented teams trapped by amateur-hour decision making.\u001b[0m\n                    \u001b[36m</p>\u001b[39m\n                    \u001b[36m<p\u001b[39m\n                      \u001b[33mclass\u001b[39m=\u001b[32m\"text-shadow-sm\"\u001b[39m\n                    \u001b[36m>\u001b[39m\n                      \u001b[0mWe created Reboot Media to bridge this gap, providing C-level marketing expertise without the full-time executive cost. Our fractional CMO model gives you access to Fortune 500-caliber strategy and execution at a fraction of traditional consulting costs.\u001b[0m\n                    \u001b[36m</p>\u001b[39m\n                  \u001b[36m</div>\u001b[39m\n                  \u001b[36m<div\u001b[39m\n                    \u001b[33mclass\u001b[39m=\u001b[32m\"bg-gradient-to-br from-orange-100 to-amber-100 dark:from-orange-900 dark:to-amber-900 p-6 rounded-xl relative overflow-hidden\"\u001b[39m\n                  \u001b[36m>\u001b[39m\n                    \u001b[36m<div\u001b[39m\n                      \u001b[33mclass\u001b[39m=\u001b[32m\"absolute inset-0 bg-white/20 dark:bg-black/20\"\u001b[39m\n                    \u001b[36m/>\u001b[39m\n                    \u001b[36m<div\u001b[39m\n                      \u001b[33mclass\u001b[39m=\u001b[32m\"relative z-10\"\u001b[39m\n                    \u001b[36m>\u001b[39m\n                      \u001b[36m<h3\u001b[39m\n                        \u001b[33mclass\u001b[39m=\u001b[32m\"heading-lg text-black-critical dark:text-gradient-critical mb-4 text-shadow-sm\"\u001b[39m\n                      \u001b[36m>\u001b[39m\n                        \u001b[0mWhy \"Reboot\" Media?\u001b[0m\n                      \u001b[36m</h3>\u001b[39m\n                      \u001b[36m<p\u001b[39m\n                        \u001b[33mclass\u001b[39m=\u001b[32m\"text-black-important dark:text-gradient-enhanced text-shadow-sm\"\u001b[39m\n                      \u001b[36m>\u001b[39m\n                        \u001b[0mSometimes the best solution isn't to add more features – it's to restart with a clean, proven foundation. We help companies \"reboot\" their marketing with strategies that actually work, eliminating the guesswork and focusing on what drives real business results.\u001b[0m\n                      \u001b[36m</p>\u001b[39m\n                    \u001b[36m</div>\u001b[39m\n                  \u001b[36m</div>\u001b[39m\n                \u001b[36m</div>\u001b[39m\n              \u001b[36m</div>\u001b[39m\n            \u001b[36m</div>\u001b[39m\n            \u001b[36m<div\u001b[39m\n              \u001b[33mclass\u001b[39m=\u001b[32m\"glass-card-light rounded-2xl shadow-xl border border-white/20 dark:border-slate-700/20 p-6 sm:p-8 mb-8 relative overflow-hidden\"\u001b[39m\n            \u001b[36m>\u001b[39m\n              \u001b[36m<div\u001b[39m\n                \u001b[33mclass\u001b[39m=\u001b[32m\"absolute inset-0 bg-white/10 dark:bg-black/10\"\u001b[39m\n              \u001b[36m/>\u001b[39m\n              \u001b[36m<div\u001b[39m\n                \u001b[33mclass\u001b[39m=\u001b[32m\"relative z-10\"\u001b[39m\n              \u001b[36m>\u001b[39m\n                \u001b[36m<h2\u001b[39m\n                  \u001b[33mclass\u001b[39m=\u001b[32m\"heading-xl text-gradient-critical mb-8 text-center\"\u001b[39m\n                \u001b[36m>\u001b[39m\n                  \u001b[0mLeadership\u001b[0m\n                \u001b[36m</h2>\u001b[39m\n                \u001b[36m<div\u001b[39m\n                  \u001b[33mclass\u001b[39m=\u001b[32m\"max-w-4xl mx-auto\"\u001b[39m\n                \u001b[36m>\u001b[39m\n                  \u001b[36m<div\u001b[39m\n                    \u001b[33mclass\u001b[39m=\u001b[32m\"flex flex-col lg:flex-row items-center gap-8\"\u001b[39m\n                  \u001b[36m>\u001b[39m\n                    \u001b[36m<div\u001b[39m\n                      \u001b[33mclass\u001b[39m=\u001b[32m\"lg:w-1/3\"\u001b[39m\n                    \u001b[36m>\u001b[39m\n          ...\n    at Object.getElementError (/home/ian/projects/reboot/node_modules/@testing-library/dom/dist/config.js:37:19)\n    at /home/ian/projects/reboot/node_modules/@testing-library/dom/dist/query-helpers.js:76:38\n    at /home/ian/projects/reboot/node_modules/@testing-library/dom/dist/query-helpers.js:52:17\n    at /home/ian/projects/reboot/node_modules/@testing-library/dom/dist/query-helpers.js:95:19\n    at /home/ian/projects/reboot/src/pages/__tests__/About.test.tsx:180:32\n    at file:///home/ian/projects/reboot/node_modules/@vitest/runner/dist/chunk-hooks.js:155:11\n    at file:///home/ian/projects/reboot/node_modules/@vitest/runner/dist/chunk-hooks.js:752:26\n    at file:///home/ian/projects/reboot/node_modules/@vitest/runner/dist/chunk-hooks.js:1897:20\n    at new Promise (<anonymous>)\n    at runWithTimeout (file:///home/ian/projects/reboot/node_modules/@vitest/runner/dist/chunk-hooks.js:1863:10)"],"location":{"line":176,"column":5},"meta":{}},{"ancestorTitles":["About Page","Responsive Design"],"fullName":"About Page Responsive Design grid layouts are responsive","status":"passed","title":"grid layouts are responsive","duration":16.44731900000079,"failureMessages":[],"location":{"line":192,"column":5},"meta":{}},{"ancestorTitles":["About Page","Responsive Design"],"fullName":"About Page Responsive Design text sizes are responsive","status":"failed","title":"text sizes are responsive","duration":16.309744000000137,"failureMessages":["Error: \u001b[2mexpect(\u001b[22m\u001b[31mreceived\u001b[39m\u001b[2m).toHaveClass()\u001b[22m\n\n\u001b[31mreceived\u001b[39m value must be an HTMLElement or an SVGElement.\nReceived has type:  Null\nReceived has value: \u001b[31mnull\u001b[39m\n    at Proxy.expectWrapper (file:///home/ian/projects/reboot/node_modules/@vitest/expect/dist/index.js:1734:36)\n    at Proxy.<anonymous> (file:///home/ian/projects/reboot/node_modules/@vitest/expect/dist/index.js:1029:14)\n    at Proxy.methodWrapper (file:///home/ian/projects/reboot/node_modules/chai/chai.js:1706:25)\n    at /home/ian/projects/reboot/src/pages/__tests__/About.test.tsx:208:24\n    at file:///home/ian/projects/reboot/node_modules/@vitest/runner/dist/chunk-hooks.js:155:11\n    at file:///home/ian/projects/reboot/node_modules/@vitest/runner/dist/chunk-hooks.js:752:26\n    at file:///home/ian/projects/reboot/node_modules/@vitest/runner/dist/chunk-hooks.js:1897:20\n    at new Promise (<anonymous>)\n    at runWithTimeout (file:///home/ian/projects/reboot/node_modules/@vitest/runner/dist/chunk-hooks.js:1863:10)\n    at runTest (file:///home/ian/projects/reboot/node_modules/@vitest/runner/dist/chunk-hooks.js:1574:12)"],"location":{"line":204,"column":5},"meta":{}},{"ancestorTitles":["About Page","Accessibility"],"fullName":"About Page Accessibility page has proper heading hierarchy","status":"passed","title":"page has proper heading hierarchy","duration":34.48123300000043,"failureMessages":[],"location":{"line":213,"column":5},"meta":{}},{"ancestorTitles":["About Page","Accessibility"],"fullName":"About Page Accessibility external links have proper attributes","status":"passed","title":"external links have proper attributes","duration":20.2538540000005,"failureMessages":[],"location":{"line":223,"column":5},"meta":{}},{"ancestorTitles":["About Page","SEO"],"fullName":"About Page SEO renders with SEO metadata","status":"passed","title":"renders with SEO metadata","duration":14.375582000000577,"failureMessages":[],"location":{"line":232,"column":5},"meta":{}},{"ancestorTitles":["About Page","SEO"],"fullName":"About Page SEO privacy link has transparent styling","status":"passed","title":"privacy link has transparent styling","duration":19.618225999998685,"failureMessages":[],"location":{"line":239,"column":5},"meta":{}}],"startTime":1755844827663,"endTime":1755844829054.6182,"status":"failed","message":"","name":"/home/ian/projects/reboot/src/pages/__tests__/About.test.tsx"},{"assertionResults":[{"ancestorTitles":["urls utility","in production mode (default)","getCanonicalUrl"],"fullName":"urls utility in production mode (default) getCanonicalUrl returns base URL with trailing slash when path is empty string","status":"passed","title":"returns base URL with trailing slash when path is empty string","duration":2.4299559999999474,"failureMessages":[],"location":{"line":21,"column":7},"meta":{}},{"ancestorTitles":["urls utility","in production mode (default)","getCanonicalUrl"],"fullName":"urls utility in production mode (default) getCanonicalUrl returns correct URL for simple path","status":"passed","title":"returns correct URL for simple path","duration":0.47917900000174996,"failureMessages":[],"location":{"line":26,"column":7},"meta":{}},{"ancestorTitles":["urls utility","in production mode (default)","getCanonicalUrl"],"fullName":"urls utility in production mode (default) getCanonicalUrl handles paths with leading slash","status":"passed","title":"handles paths with leading slash","duration":0.3093159999989439,"failureMessages":[],"location":{"line":31,"column":7},"meta":{}},{"ancestorTitles":["urls utility","in production mode (default)","getCanonicalUrl"],"fullName":"urls utility in production mode (default) getCanonicalUrl handles nested paths","status":"passed","title":"handles nested paths","duration":0.48737599999731174,"failureMessages":[],"location":{"line":36,"column":7},"meta":{}},{"ancestorTitles":["urls utility","in production mode (default)","getCanonicalUrl"],"fullName":"urls utility in production mode (default) getCanonicalUrl handles paths with trailing slash","status":"passed","title":"handles paths with trailing slash","duration":0.2949210000006133,"failureMessages":[],"location":{"line":41,"column":7},"meta":{}},{"ancestorTitles":["urls utility","in production mode (default)","getCanonicalUrl"],"fullName":"urls utility in production mode (default) getCanonicalUrl handles complex nested paths","status":"passed","title":"handles complex nested paths","duration":0.28929499999867403,"failureMessages":[],"location":{"line":46,"column":7},"meta":{}},{"ancestorTitles":["urls utility","in production mode (default)","getCanonicalUrl"],"fullName":"urls utility in production mode (default) getCanonicalUrl does not double slash when path has leading slash","status":"passed","title":"does not double slash when path has leading slash","duration":0.22023699999772361,"failureMessages":[],"location":{"line":51,"column":7},"meta":{}},{"ancestorTitles":["urls utility","in production mode (default)","getCanonicalUrl"],"fullName":"urls utility in production mode (default) getCanonicalUrl preserves query parameters if included","status":"passed","title":"preserves query parameters if included","duration":0.23698099999819533,"failureMessages":[],"location":{"line":56,"column":7},"meta":{}},{"ancestorTitles":["urls utility","in production mode (default)","getCanonicalUrl"],"fullName":"urls utility in production mode (default) getCanonicalUrl preserves hash fragments if included","status":"passed","title":"preserves hash fragments if included","duration":0.2535439999992377,"failureMessages":[],"location":{"line":61,"column":7},"meta":{}},{"ancestorTitles":["urls utility","in production mode (default)","getCanonicalUrl"],"fullName":"urls utility in production mode (default) getCanonicalUrl returns base URL with trailing slash when called with no arguments","status":"passed","title":"returns base URL with trailing slash when called with no arguments","duration":0.390823999998247,"failureMessages":[],"location":{"line":66,"column":7},"meta":{}},{"ancestorTitles":["urls utility","in production mode (default)","getOgImageUrl"],"fullName":"urls utility in production mode (default) getOgImageUrl returns default OG image URL when no path provided","status":"passed","title":"returns default OG image URL when no path provided","duration":0.2713479999983974,"failureMessages":[],"location":{"line":73,"column":7},"meta":{}},{"ancestorTitles":["urls utility","in production mode (default)","getOgImageUrl"],"fullName":"urls utility in production mode (default) getOgImageUrl returns custom OG image URL with provided path","status":"passed","title":"returns custom OG image URL with provided path","duration":0.20196600000053877,"failureMessages":[],"location":{"line":78,"column":7},"meta":{}},{"ancestorTitles":["urls utility","in production mode (default)","getLogoUrl"],"fullName":"urls utility in production mode (default) getLogoUrl returns default logo URL when no path provided","status":"passed","title":"returns default logo URL when no path provided","duration":0.3670620000011695,"failureMessages":[],"location":{"line":85,"column":7},"meta":{}},{"ancestorTitles":["urls utility","in production mode (default)","getLogoUrl"],"fullName":"urls utility in production mode (default) getLogoUrl returns custom logo URL with provided path","status":"passed","title":"returns custom logo URL with provided path","duration":0.4603029999998398,"failureMessages":[],"location":{"line":90,"column":7},"meta":{}},{"ancestorTitles":["urls utility","in production mode (default)","getOrganizationUrl"],"fullName":"urls utility in production mode (default) getOrganizationUrl returns the base organization URL","status":"passed","title":"returns the base organization URL","duration":0.2792550000012852,"failureMessages":[],"location":{"line":97,"column":7},"meta":{}}],"startTime":1755844838901,"endTime":1755844838908.4602,"status":"passed","message":"","name":"/home/ian/projects/reboot/src/utils/__tests__/urls.test.ts"}]}